2025-05-10 09:18:43,575 - ftms - INFO - Using FTMSConnector for real device with device type: bike.
2025-05-10 09:18:44,895 - ftms - INFO - Using FTMSConnector for real device with device type: bike.
2025-05-10 09:19:36,082 - ftms - INFO - Connected to device: ECHO_BIKE_077937
2025-05-10 09:19:39,149 - ftms - INFO - [FTMSManager] Received data from connector: {'device_type': 'bike', 'timestamp': '2025-05-10T09:19:39.141126', 'speed': 17.37, 'average_speed': 0.0, 'cadence': 29.0, 'average_cadence': 0.0, 'distance': 0, 'power': 38, 'average_power': 0, 'total_energy': 0, 'energy_per_hour': 0, 'energy_per_minute': 0, 'heart_rate': 70, 'elapsed_time': 0}
2025-05-10 09:19:39,152 - ftms - INFO - [FTMSManager] Passing data to WorkoutManager (Active Workout ID: None)
2025-05-10 09:19:40,128 - ftms - INFO - [FTMSManager] Received data from connector: {'device_type': 'bike', 'timestamp': '2025-05-10T09:19:40.122225', 'speed': 14.96, 'average_speed': 0.67, 'cadence': 25.0, 'average_cadence': 18.0, 'distance': 0, 'power': 28, 'average_power': 14, 'total_energy': 0, 'energy_per_hour': 0, 'energy_per_minute': 0, 'heart_rate': 70, 'elapsed_time': 1}
2025-05-10 09:19:40,129 - ftms - INFO - [FTMSManager] Passing data to WorkoutManager (Active Workout ID: None)
2025-05-10 09:19:41,116 - ftms - INFO - [FTMSManager] Received data from connector: {'device_type': 'bike', 'timestamp': '2025-05-10T09:19:41.110962', 'speed': 14.32, 'average_speed': 0.78, 'cadence': 24.0, 'average_cadence': 21.0, 'distance': 0, 'power': 25, 'average_power': 18, 'total_energy': 0, 'energy_per_hour': 0, 'energy_per_minute': 0, 'heart_rate': 70, 'elapsed_time': 2}
2025-05-10 09:19:41,117 - ftms - INFO - [FTMSManager] Passing data to WorkoutManager (Active Workout ID: None)
2025-05-10 09:19:42,140 - ftms - INFO - [FTMSManager] Received data from connector: {'device_type': 'bike', 'timestamp': '2025-05-10T09:19:42.131368', 'speed': 14.96, 'average_speed': 0.96, 'cadence': 25.0, 'average_cadence': 26.0, 'distance': 0, 'power': 28, 'average_power': 31, 'total_energy': 0, 'energy_per_hour': 0, 'energy_per_minute': 0, 'heart_rate': 70, 'elapsed_time': 3}
2025-05-10 09:19:42,142 - ftms - INFO - [FTMSManager] Passing data to WorkoutManager (Active Workout ID: None)
2025-05-10 09:19:43,099 - ftms - INFO - [FTMSManager] Received data from connector: {'device_type': 'bike', 'timestamp': '2025-05-10T09:19:43.092184', 'speed': 16.73, 'average_speed': 0.95, 'cadence': 28.0, 'average_cadence': 25.0, 'distance': 16, 'power': 36, 'average_power': 28, 'total_energy': 0, 'energy_per_hour': 0, 'energy_per_minute': 0, 'heart_rate': 70, 'elapsed_time': 4}
2025-05-10 09:19:43,099 - ftms - INFO - [FTMSManager] Passing data to WorkoutManager (Active Workout ID: None)
2025-05-10 09:19:44,117 - ftms - INFO - [FTMSManager] Received data from connector: {'device_type': 'bike', 'timestamp': '2025-05-10T09:19:44.110762', 'speed': 16.09, 'average_speed': 1.02, 'cadence': 27.0, 'average_cadence': 27.0, 'distance': 16, 'power': 33, 'average_power': 33, 'total_energy': 0, 'energy_per_hour': 0, 'energy_per_minute': 0, 'heart_rate': 70, 'elapsed_time': 5}
2025-05-10 09:19:44,118 - ftms - INFO - [FTMSManager] No active workout, not passing data to WorkoutManager.
2025-05-10 09:19:45,106 - ftms - INFO - [FTMSManager] Received data from connector: {'device_type': 'bike', 'timestamp': '2025-05-10T09:19:45.101733', 'speed': 17.37, 'average_speed': 1.0, 'cadence': 29.0, 'average_cadence': 27.0, 'distance': 32, 'power': 38, 'average_power': 33, 'total_energy': 0, 'energy_per_hour': 0, 'energy_per_minute': 0, 'heart_rate': 70, 'elapsed_time': 6}
2025-05-10 09:19:45,107 - ftms - INFO - [FTMSManager] No active workout, not passing data to WorkoutManager.
2025-05-10 09:19:46,158 - ftms - INFO - [FTMSManager] Received data from connector: {'device_type': 'bike', 'timestamp': '2025-05-10T09:19:46.153219', 'speed': 16.73, 'average_speed': 1.02, 'cadence': 28.0, 'average_cadence': 27.0, 'distance': 32, 'power': 36, 'average_power': 33, 'total_energy': 0, 'energy_per_hour': 0, 'energy_per_minute': 0, 'heart_rate': 70, 'elapsed_time': 7}
2025-05-10 09:19:46,159 - ftms - INFO - [FTMSManager] No active workout, not passing data to WorkoutManager.
2025-05-10 09:19:47,103 - ftms - INFO - [FTMSManager] Received data from connector: {'device_type': 'bike', 'timestamp': '2025-05-10T09:19:47.094493', 'speed': 17.37, 'average_speed': 1.06, 'cadence': 29.0, 'average_cadence': 28.0, 'distance': 32, 'power': 38, 'average_power': 36, 'total_energy': 0, 'energy_per_hour': 0, 'energy_per_minute': 0, 'heart_rate': 70, 'elapsed_time': 8}
2025-05-10 09:19:47,103 - ftms - INFO - [FTMSManager] No active workout, not passing data to WorkoutManager.
2025-05-10 09:19:48,140 - ftms - INFO - [FTMSManager] Received data from connector: {'device_type': 'bike', 'timestamp': '2025-05-10T09:19:48.132316', 'speed': 17.85, 'average_speed': 1.09, 'cadence': 30.0, 'average_cadence': 29.0, 'distance': 48, 'power': 41, 'average_power': 38, 'total_energy': 0, 'energy_per_hour': 0, 'energy_per_minute': 0, 'heart_rate': 71, 'elapsed_time': 9}
2025-05-10 09:19:48,141 - ftms - INFO - [FTMSManager] No active workout, not passing data to WorkoutManager.
2025-05-10 09:19:49,097 - ftms - INFO - [FTMSManager] Received data from connector: {'device_type': 'bike', 'timestamp': '2025-05-10T09:19:49.092945', 'speed': 19.14, 'average_speed': 1.14, 'cadence': 32.0, 'average_cadence': 30.0, 'distance': 48, 'power': 49, 'average_power': 41, 'total_energy': 0, 'energy_per_hour': 0, 'energy_per_minute': 0, 'heart_rate': 71, 'elapsed_time': 10}
2025-05-10 09:19:49,098 - ftms - INFO - [FTMSManager] No active workout, not passing data to WorkoutManager.
2025-05-10 09:19:50,088 - ftms - INFO - [FTMSManager] Received data from connector: {'device_type': 'bike', 'timestamp': '2025-05-10T09:19:50.082123', 'speed': 20.91, 'average_speed': 1.13, 'cadence': 35.0, 'average_cadence': 30.0, 'distance': 48, 'power': 62, 'average_power': 41, 'total_energy': 0, 'energy_per_hour': 0, 'energy_per_minute': 0, 'heart_rate': 73, 'elapsed_time': 11}
2025-05-10 09:19:50,088 - ftms - INFO - [FTMSManager] No active workout, not passing data to WorkoutManager.
2025-05-10 09:19:51,079 - ftms - INFO - [FTMSManager] Received data from connector: {'device_type': 'bike', 'timestamp': '2025-05-10T09:19:51.071358', 'speed': 20.91, 'average_speed': 1.17, 'cadence': 35.0, 'average_cadence': 31.0, 'distance': 64, 'power': 62, 'average_power': 45, 'total_energy': 0, 'energy_per_hour': 0, 'energy_per_minute': 0, 'heart_rate': 76, 'elapsed_time': 12}
2025-05-10 09:19:51,079 - ftms - INFO - [FTMSManager] No active workout, not passing data to WorkoutManager.
2025-05-10 09:19:52,159 - ftms - INFO - [FTMSManager] Received data from connector: {'device_type': 'bike', 'timestamp': '2025-05-10T09:19:52.151624', 'speed': 21.56, 'average_speed': 1.2, 'cadence': 36.0, 'average_cadence': 32.0, 'distance': 64, 'power': 66, 'average_power': 49, 'total_energy': 0, 'energy_per_hour': 0, 'energy_per_minute': 0, 'heart_rate': 78, 'elapsed_time': 13}
2025-05-10 09:19:52,160 - ftms - INFO - [FTMSManager] No active workout, not passing data to WorkoutManager.
2025-05-10 09:19:53,087 - ftms - INFO - [FTMSManager] Received data from connector: {'device_type': 'bike', 'timestamp': '2025-05-10T09:19:53.081295', 'speed': 22.04, 'average_speed': 1.21, 'cadence': 37.0, 'average_cadence': 32.0, 'distance': 80, 'power': 70, 'average_power': 49, 'total_energy': 0, 'energy_per_hour': 0, 'energy_per_minute': 0, 'heart_rate': 79, 'elapsed_time': 14}
2025-05-10 09:19:53,088 - ftms - INFO - [FTMSManager] No active workout, not passing data to WorkoutManager.
2025-05-10 09:19:54,080 - ftms - INFO - [FTMSManager] Received data from connector: {'device_type': 'bike', 'timestamp': '2025-05-10T09:19:54.072334', 'speed': 22.04, 'average_speed': 1.23, 'cadence': 37.0, 'average_cadence': 33.0, 'distance': 80, 'power': 70, 'average_power': 53, 'total_energy': 0, 'energy_per_hour': 0, 'energy_per_minute': 0, 'heart_rate': 81, 'elapsed_time': 15}
2025-05-10 09:19:54,080 - ftms - INFO - [FTMSManager] No active workout, not passing data to WorkoutManager.
2025-05-10 09:19:55,129 - ftms - INFO - [FTMSManager] Received data from connector: {'device_type': 'bike', 'timestamp': '2025-05-10T09:19:55.120897', 'speed': 22.68, 'average_speed': 1.25, 'cadence': 38.0, 'average_cadence': 33.0, 'distance': 80, 'power': 74, 'average_power': 53, 'total_energy': 0, 'energy_per_hour': 0, 'energy_per_minute': 0, 'heart_rate': 81, 'elapsed_time': 16}
2025-05-10 09:19:55,131 - ftms - INFO - [FTMSManager] No active workout, not passing data to WorkoutManager.
2025-05-10 09:19:56,089 - ftms - INFO - [FTMSManager] Received data from connector: {'device_type': 'bike', 'timestamp': '2025-05-10T09:19:56.082269', 'speed': 23.33, 'average_speed': 1.26, 'cadence': 39.0, 'average_cadence': 33.0, 'distance': 96, 'power': 78, 'average_power': 53, 'total_energy': 0, 'energy_per_hour': 0, 'energy_per_minute': 0, 'heart_rate': 82, 'elapsed_time': 17}
2025-05-10 09:19:56,092 - ftms - INFO - [FTMSManager] No active workout, not passing data to WorkoutManager.
2025-05-10 09:19:57,078 - ftms - INFO - [FTMSManager] Received data from connector: {'device_type': 'bike', 'timestamp': '2025-05-10T09:19:57.071792', 'speed': 23.33, 'average_speed': 1.27, 'cadence': 39.0, 'average_cadence': 34.0, 'distance': 96, 'power': 78, 'average_power': 57, 'total_energy': 0, 'energy_per_hour': 0, 'energy_per_minute': 0, 'heart_rate': 83, 'elapsed_time': 18}
2025-05-10 09:19:57,079 - ftms - INFO - [FTMSManager] No active workout, not passing data to WorkoutManager.
2025-05-10 09:19:58,165 - ftms - INFO - [FTMSManager] Received data from connector: {'device_type': 'bike', 'timestamp': '2025-05-10T09:19:58.151025', 'speed': 23.33, 'average_speed': 1.29, 'cadence': 39.0, 'average_cadence': 34.0, 'distance': 112, 'power': 78, 'average_power': 57, 'total_energy': 0, 'energy_per_hour': 0, 'energy_per_minute': 0, 'heart_rate': 87, 'elapsed_time': 19}
2025-05-10 09:19:58,166 - ftms - INFO - [FTMSManager] No active workout, not passing data to WorkoutManager.
2025-05-10 09:19:59,119 - ftms - INFO - [FTMSManager] Received data from connector: {'device_type': 'bike', 'timestamp': '2025-05-10T09:19:59.111806', 'speed': 22.04, 'average_speed': 1.28, 'cadence': 37.0, 'average_cadence': 34.0, 'distance': 112, 'power': 70, 'average_power': 57, 'total_energy': 0, 'energy_per_hour': 0, 'energy_per_minute': 0, 'heart_rate': 88, 'elapsed_time': 20}
2025-05-10 09:19:59,119 - ftms - INFO - [FTMSManager] No active workout, not passing data to WorkoutManager.
2025-05-10 09:20:00,077 - ftms - INFO - [FTMSManager] Received data from connector: {'device_type': 'bike', 'timestamp': '2025-05-10T09:20:00.072178', 'speed': 20.91, 'average_speed': 1.28, 'cadence': 35.0, 'average_cadence': 34.0, 'distance': 112, 'power': 62, 'average_power': 57, 'total_energy': 0, 'energy_per_hour': 0, 'energy_per_minute': 0, 'heart_rate': 88, 'elapsed_time': 21}
2025-05-10 09:20:00,078 - ftms - INFO - [FTMSManager] No active workout, not passing data to WorkoutManager.
2025-05-10 09:20:01,099 - ftms - INFO - [FTMSManager] Received data from connector: {'device_type': 'bike', 'timestamp': '2025-05-10T09:20:01.092914', 'speed': 20.27, 'average_speed': 1.27, 'cadence': 34.0, 'average_cadence': 34.0, 'distance': 128, 'power': 57, 'average_power': 57, 'total_energy': 0, 'energy_per_hour': 0, 'energy_per_minute': 0, 'heart_rate': 90, 'elapsed_time': 22}
2025-05-10 09:20:01,099 - ftms - INFO - [FTMSManager] No active workout, not passing data to WorkoutManager.
2025-05-10 09:20:02,180 - ftms - INFO - [FTMSManager] Received data from connector: {'device_type': 'bike', 'timestamp': '2025-05-10T09:20:02.171259', 'speed': 19.62, 'average_speed': 1.27, 'cadence': 33.0, 'average_cadence': 34.0, 'distance': 128, 'power': 53, 'average_power': 57, 'total_energy': 1, 'energy_per_hour': 0, 'energy_per_minute': 0, 'heart_rate': 90, 'elapsed_time': 23}
2025-05-10 09:20:02,181 - ftms - INFO - [FTMSManager] No active workout, not passing data to WorkoutManager.
2025-05-10 09:20:03,080 - ftms - INFO - [FTMSManager] Received data from connector: {'device_type': 'bike', 'timestamp': '2025-05-10T09:20:03.066647', 'speed': 19.14, 'average_speed': 1.25, 'cadence': 32.0, 'average_cadence': 33.0, 'distance': 128, 'power': 49, 'average_power': 53, 'total_energy': 1, 'energy_per_hour': 0, 'energy_per_minute': 0, 'heart_rate': 90, 'elapsed_time': 24}
2025-05-10 09:20:03,082 - ftms - INFO - [FTMSManager] No active workout, not passing data to WorkoutManager.
2025-05-10 09:20:04,117 - ftms - INFO - [FTMSManager] Received data from connector: {'device_type': 'bike', 'timestamp': '2025-05-10T09:20:04.095208', 'speed': 18.5, 'average_speed': 1.26, 'cadence': 31.0, 'average_cadence': 33.0, 'distance': 128, 'power': 45, 'average_power': 53, 'total_energy': 1, 'energy_per_hour': 0, 'energy_per_minute': 0, 'heart_rate': 90, 'elapsed_time': 25}
2025-05-10 09:20:04,119 - ftms - INFO - [FTMSManager] No active workout, not passing data to WorkoutManager.
2025-05-10 09:20:05,118 - ftms - INFO - [FTMSManager] Received data from connector: {'device_type': 'bike', 'timestamp': '2025-05-10T09:20:05.112575', 'speed': 17.85, 'average_speed': 1.23, 'cadence': 30.0, 'average_cadence': 33.0, 'distance': 144, 'power': 41, 'average_power': 53, 'total_energy': 1, 'energy_per_hour': 0, 'energy_per_minute': 0, 'heart_rate': 90, 'elapsed_time': 26}
2025-05-10 09:20:05,119 - ftms - INFO - [FTMSManager] No active workout, not passing data to WorkoutManager.
2025-05-10 09:20:06,101 - ftms - INFO - [FTMSManager] Received data from connector: {'device_type': 'bike', 'timestamp': '2025-05-10T09:20:06.072383', 'speed': 17.85, 'average_speed': 1.25, 'cadence': 30.0, 'average_cadence': 33.0, 'distance': 144, 'power': 41, 'average_power': 53, 'total_energy': 1, 'energy_per_hour': 0, 'energy_per_minute': 0, 'heart_rate': 89, 'elapsed_time': 27}
2025-05-10 09:20:06,101 - ftms - INFO - [FTMSManager] No active workout, not passing data to WorkoutManager.
2025-05-10 09:20:07,099 - ftms - INFO - [FTMSManager] Received data from connector: {'device_type': 'bike', 'timestamp': '2025-05-10T09:20:07.093688', 'speed': 17.85, 'average_speed': 1.23, 'cadence': 30.0, 'average_cadence': 33.0, 'distance': 144, 'power': 41, 'average_power': 53, 'total_energy': 1, 'energy_per_hour': 0, 'energy_per_minute': 0, 'heart_rate': 88, 'elapsed_time': 28}
2025-05-10 09:20:07,101 - ftms - INFO - [FTMSManager] No active workout, not passing data to WorkoutManager.
2025-05-10 09:20:08,087 - ftms - INFO - [FTMSManager] Received data from connector: {'device_type': 'bike', 'timestamp': '2025-05-10T09:20:08.082055', 'speed': 17.85, 'average_speed': 1.24, 'cadence': 30.0, 'average_cadence': 33.0, 'distance': 160, 'power': 41, 'average_power': 53, 'total_energy': 1, 'energy_per_hour': 0, 'energy_per_minute': 0, 'heart_rate': 88, 'elapsed_time': 29}
2025-05-10 09:20:08,088 - ftms - INFO - [FTMSManager] No active workout, not passing data to WorkoutManager.
2025-05-10 09:20:09,094 - ftms - INFO - [FTMSManager] Received data from connector: {'device_type': 'bike', 'timestamp': '2025-05-10T09:20:09.077144', 'speed': 17.37, 'average_speed': 1.21, 'cadence': 29.0, 'average_cadence': 32.0, 'distance': 160, 'power': 38, 'average_power': 49, 'total_energy': 1, 'energy_per_hour': 0, 'energy_per_minute': 0, 'heart_rate': 88, 'elapsed_time': 30}
2025-05-10 09:20:09,094 - ftms - INFO - [FTMSManager] No active workout, not passing data to WorkoutManager.
2025-05-10 09:20:10,100 - ftms - INFO - [FTMSManager] Received data from connector: {'device_type': 'bike', 'timestamp': '2025-05-10T09:20:10.092175', 'speed': 17.85, 'average_speed': 1.22, 'cadence': 30.0, 'average_cadence': 32.0, 'distance': 160, 'power': 41, 'average_power': 49, 'total_energy': 1, 'energy_per_hour': 0, 'energy_per_minute': 0, 'heart_rate': 88, 'elapsed_time': 31}
2025-05-10 09:20:10,100 - ftms - INFO - [FTMSManager] No active workout, not passing data to WorkoutManager.
2025-05-10 09:20:11,118 - ftms - INFO - [FTMSManager] Received data from connector: {'device_type': 'bike', 'timestamp': '2025-05-10T09:20:11.112201', 'speed': 18.5, 'average_speed': 1.22, 'cadence': 31.0, 'average_cadence': 32.0, 'distance': 176, 'power': 45, 'average_power': 49, 'total_energy': 1, 'energy_per_hour': 0, 'energy_per_minute': 0, 'heart_rate': 89, 'elapsed_time': 32}
2025-05-10 09:20:11,119 - ftms - INFO - [FTMSManager] No active workout, not passing data to WorkoutManager.
2025-05-10 09:20:12,115 - ftms - INFO - [FTMSManager] Received data from connector: {'device_type': 'bike', 'timestamp': '2025-05-10T09:20:12.103146', 'speed': 18.5, 'average_speed': 1.21, 'cadence': 31.0, 'average_cadence': 32.0, 'distance': 176, 'power': 45, 'average_power': 49, 'total_energy': 1, 'energy_per_hour': 0, 'energy_per_minute': 0, 'heart_rate': 90, 'elapsed_time': 33}
2025-05-10 09:20:12,117 - ftms - INFO - [FTMSManager] No active workout, not passing data to WorkoutManager.
2025-05-10 09:20:13,132 - ftms - INFO - [FTMSManager] Received data from connector: {'device_type': 'bike', 'timestamp': '2025-05-10T09:20:13.122920', 'speed': 19.14, 'average_speed': 1.22, 'cadence': 32.0, 'average_cadence': 32.0, 'distance': 176, 'power': 49, 'average_power': 49, 'total_energy': 1, 'energy_per_hour': 0, 'energy_per_minute': 0, 'heart_rate': 90, 'elapsed_time': 34}
2025-05-10 09:20:13,134 - ftms - INFO - [FTMSManager] No active workout, not passing data to WorkoutManager.
2025-05-10 09:20:14,119 - ftms - INFO - [FTMSManager] Received data from connector: {'device_type': 'bike', 'timestamp': '2025-05-10T09:20:14.113806', 'speed': 18.5, 'average_speed': 1.22, 'cadence': 31.0, 'average_cadence': 32.0, 'distance': 193, 'power': 45, 'average_power': 49, 'total_energy': 1, 'energy_per_hour': 0, 'energy_per_minute': 0, 'heart_rate': 88, 'elapsed_time': 35}
2025-05-10 09:20:14,120 - ftms - INFO - [FTMSManager] No active workout, not passing data to WorkoutManager.
2025-05-10 09:20:15,080 - ftms - INFO - [FTMSManager] Received data from connector: {'device_type': 'bike', 'timestamp': '2025-05-10T09:20:15.072313', 'speed': 18.5, 'average_speed': 1.21, 'cadence': 31.0, 'average_cadence': 32.0, 'distance': 193, 'power': 45, 'average_power': 49, 'total_energy': 1, 'energy_per_hour': 0, 'energy_per_minute': 0, 'heart_rate': 88, 'elapsed_time': 36}
2025-05-10 09:20:15,081 - ftms - INFO - [FTMSManager] Passing data to WorkoutManager (Active Workout ID: None)
2025-05-10 09:20:16,129 - ftms - INFO - [FTMSManager] Received data from connector: {'device_type': 'bike', 'timestamp': '2025-05-10T09:20:16.122628', 'speed': 17.85, 'average_speed': 1.21, 'cadence': 30.0, 'average_cadence': 32.0, 'distance': 193, 'power': 41, 'average_power': 49, 'total_energy': 1, 'energy_per_hour': 0, 'energy_per_minute': 0, 'heart_rate': 77, 'elapsed_time': 37}
2025-05-10 09:20:16,129 - ftms - INFO - [FTMSManager] Passing data to WorkoutManager (Active Workout ID: None)
2025-05-10 09:20:17,088 - ftms - INFO - [FTMSManager] Received data from connector: {'device_type': 'bike', 'timestamp': '2025-05-10T09:20:17.081732', 'speed': 16.73, 'average_speed': 1.2, 'cadence': 28.0, 'average_cadence': 32.0, 'distance': 193, 'power': 36, 'average_power': 49, 'total_energy': 1, 'energy_per_hour': 0, 'energy_per_minute': 0, 'heart_rate': 76, 'elapsed_time': 38}
2025-05-10 09:20:17,089 - ftms - INFO - [FTMSManager] Passing data to WorkoutManager (Active Workout ID: None)
2025-05-10 09:20:18,140 - ftms - INFO - [FTMSManager] Received data from connector: {'device_type': 'bike', 'timestamp': '2025-05-10T09:20:18.133198', 'speed': 14.96, 'average_speed': 1.19, 'cadence': 25.0, 'average_cadence': 32.0, 'distance': 209, 'power': 28, 'average_power': 49, 'total_energy': 1, 'energy_per_hour': 0, 'energy_per_minute': 0, 'heart_rate': 76, 'elapsed_time': 39}
2025-05-10 09:20:18,141 - ftms - INFO - [FTMSManager] Passing data to WorkoutManager (Active Workout ID: None)
2025-05-10 09:20:19,101 - ftms - INFO - [FTMSManager] Received data from connector: {'device_type': 'bike', 'timestamp': '2025-05-10T09:20:19.093042', 'speed': 14.96, 'average_speed': 1.17, 'cadence': 25.0, 'average_cadence': 31.0, 'distance': 209, 'power': 28, 'average_power': 45, 'total_energy': 1, 'energy_per_hour': 0, 'energy_per_minute': 0, 'heart_rate': 75, 'elapsed_time': 40}
2025-05-10 09:20:19,103 - ftms - INFO - [FTMSManager] Passing data to WorkoutManager (Active Workout ID: None)
2025-05-10 09:20:20,088 - ftms - INFO - [FTMSManager] Received data from connector: {'device_type': 'bike', 'timestamp': '2025-05-10T09:20:20.082409', 'speed': 12.55, 'average_speed': 1.14, 'cadence': 21.0, 'average_cadence': 30.0, 'distance': 209, 'power': 18, 'average_power': 41, 'total_energy': 1, 'energy_per_hour': 0, 'energy_per_minute': 0, 'heart_rate': 75, 'elapsed_time': 41}
2025-05-10 09:20:20,089 - ftms - INFO - [FTMSManager] Passing data to WorkoutManager (Active Workout ID: None)
2025-05-10 09:20:21,078 - ftms - INFO - [FTMSManager] Received data from connector: {'device_type': 'bike', 'timestamp': '2025-05-10T09:20:21.071914', 'speed': 10.78, 'average_speed': 1.11, 'cadence': 18.0, 'average_cadence': 30.0, 'distance': 209, 'power': 14, 'average_power': 41, 'total_energy': 1, 'energy_per_hour': 0, 'energy_per_minute': 0, 'heart_rate': 75, 'elapsed_time': 42}
2025-05-10 09:20:21,079 - ftms - INFO - [FTMSManager] Passing data to WorkoutManager (Active Workout ID: None)
2025-05-10 09:21:45,934 - ftms - INFO - Using FTMSConnector for real device with device type: bike.
2025-05-10 09:21:47,189 - ftms - INFO - Using FTMSConnector for real device with device type: bike.
2025-05-10 09:43:23,328 - ftms - INFO - Using FTMSConnector for real device with device type: bike.
2025-05-10 09:43:24,538 - ftms - INFO - Using FTMSConnector for real device with device type: bike.
2025-05-10 09:44:20,724 - ftms - INFO - Connected to device: ECHO_BIKE_077937
2025-05-10 09:44:23,336 - ftms - INFO - [FTMSManager] Received data from connector: {'device_type': 'bike', 'timestamp': '2025-05-10T09:44:23.329595', 'speed': 16.09, 'average_speed': 0.0, 'cadence': 27.0, 'average_cadence': 0.0, 'distance': 0, 'power': 33, 'average_power': 0, 'total_energy': 0, 'energy_per_hour': 0, 'energy_per_minute': 0, 'heart_rate': 80, 'elapsed_time': 0}
2025-05-10 09:44:23,338 - ftms - INFO - [FTMSManager] Passing data to WorkoutManager (Active Workout ID: None)
2025-05-10 09:44:24,316 - ftms - INFO - [FTMSManager] Received data from connector: {'device_type': 'bike', 'timestamp': '2025-05-10T09:44:24.309631', 'speed': 16.73, 'average_speed': 1.34, 'cadence': 28.0, 'average_cadence': 36.0, 'distance': 0, 'power': 36, 'average_power': 66, 'total_energy': 0, 'energy_per_hour': 0, 'energy_per_minute': 0, 'heart_rate': 80, 'elapsed_time': 1}
2025-05-10 09:44:24,316 - ftms - INFO - [FTMSManager] Passing data to WorkoutManager (Active Workout ID: None)
2025-05-10 09:44:25,284 - ftms - INFO - [FTMSManager] Received data from connector: {'device_type': 'bike', 'timestamp': '2025-05-10T09:44:25.270118', 'speed': 16.09, 'average_speed': 1.11, 'cadence': 27.0, 'average_cadence': 30.0, 'distance': 0, 'power': 33, 'average_power': 41, 'total_energy': 0, 'energy_per_hour': 0, 'energy_per_minute': 0, 'heart_rate': 80, 'elapsed_time': 2}
2025-05-10 09:44:25,284 - ftms - INFO - [FTMSManager] Passing data to WorkoutManager (Active Workout ID: None)
2025-05-10 09:44:26,327 - ftms - INFO - [FTMSManager] Received data from connector: {'device_type': 'bike', 'timestamp': '2025-05-10T09:44:26.319590', 'speed': 13.67, 'average_speed': 0.96, 'cadence': 23.0, 'average_cadence': 26.0, 'distance': 0, 'power': 23, 'average_power': 31, 'total_energy': 0, 'energy_per_hour': 0, 'energy_per_minute': 0, 'heart_rate': 79, 'elapsed_time': 3}
2025-05-10 09:44:26,328 - ftms - INFO - [FTMSManager] Passing data to WorkoutManager (Active Workout ID: None)
2025-05-10 09:44:27,272 - ftms - INFO - [FTMSManager] Received data from connector: {'device_type': 'bike', 'timestamp': '2025-05-10T09:44:27.249378', 'speed': 12.55, 'average_speed': 0.78, 'cadence': 21.0, 'average_cadence': 21.0, 'distance': 0, 'power': 18, 'average_power': 18, 'total_energy': 0, 'energy_per_hour': 0, 'energy_per_minute': 0, 'heart_rate': 78, 'elapsed_time': 4}
2025-05-10 09:44:27,278 - ftms - INFO - [FTMSManager] Passing data to WorkoutManager (Active Workout ID: None)
2025-05-10 09:44:28,303 - ftms - INFO - [FTMSManager] Received data from connector: {'device_type': 'bike', 'timestamp': '2025-05-10T09:44:28.298240', 'speed': 12.55, 'average_speed': 0.67, 'cadence': 21.0, 'average_cadence': 18.0, 'distance': 0, 'power': 18, 'average_power': 14, 'total_energy': 0, 'energy_per_hour': 0, 'energy_per_minute': 0, 'heart_rate': 78, 'elapsed_time': 5}
2025-05-10 09:44:28,304 - ftms - INFO - [FTMSManager] Passing data to WorkoutManager (Active Workout ID: None)
2025-05-10 09:44:29,263 - ftms - INFO - [FTMSManager] Received data from connector: {'device_type': 'bike', 'timestamp': '2025-05-10T09:44:29.258425', 'speed': 10.78, 'average_speed': 0.55, 'cadence': 18.0, 'average_cadence': 15.0, 'distance': 0, 'power': 14, 'average_power': 11, 'total_energy': 0, 'energy_per_hour': 0, 'energy_per_minute': 0, 'heart_rate': 78, 'elapsed_time': 6}
2025-05-10 09:44:29,264 - ftms - INFO - [FTMSManager] No active workout, not passing data to WorkoutManager.
2025-05-10 09:44:30,313 - ftms - INFO - [FTMSManager] Received data from connector: {'device_type': 'bike', 'timestamp': '2025-05-10T09:44:30.309611', 'speed': 9.49, 'average_speed': 0.54, 'cadence': 16.0, 'average_cadence': 14.0, 'distance': 16, 'power': 12, 'average_power': 11, 'total_energy': 0, 'energy_per_hour': 0, 'energy_per_minute': 0, 'heart_rate': 77, 'elapsed_time': 7}
2025-05-10 09:44:30,317 - ftms - INFO - [FTMSManager] No active workout, not passing data to WorkoutManager.
2025-05-10 09:44:31,277 - ftms - INFO - [FTMSManager] Received data from connector: {'device_type': 'bike', 'timestamp': '2025-05-10T09:44:31.269798', 'speed': 8.84, 'average_speed': 0.55, 'cadence': 15.0, 'average_cadence': 15.0, 'distance': 16, 'power': 11, 'average_power': 11, 'total_energy': 0, 'energy_per_hour': 0, 'energy_per_minute': 0, 'heart_rate': 77, 'elapsed_time': 8}
2025-05-10 09:44:31,278 - ftms - INFO - [FTMSManager] No active workout, not passing data to WorkoutManager.
2025-05-10 09:44:32,266 - ftms - INFO - [FTMSManager] Received data from connector: {'device_type': 'bike', 'timestamp': '2025-05-10T09:44:32.259350', 'speed': 10.13, 'average_speed': 0.57, 'cadence': 17.0, 'average_cadence': 15.0, 'distance': 16, 'power': 13, 'average_power': 11, 'total_energy': 0, 'energy_per_hour': 0, 'energy_per_minute': 0, 'heart_rate': 75, 'elapsed_time': 9}
2025-05-10 09:44:32,266 - ftms - INFO - [FTMSManager] No active workout, not passing data to WorkoutManager.
2025-05-10 09:44:33,259 - ftms - INFO - [FTMSManager] Received data from connector: {'device_type': 'bike', 'timestamp': '2025-05-10T09:44:33.250903', 'speed': 12.55, 'average_speed': 0.62, 'cadence': 21.0, 'average_cadence': 16.0, 'distance': 16, 'power': 18, 'average_power': 12, 'total_energy': 0, 'energy_per_hour': 0, 'energy_per_minute': 0, 'heart_rate': 74, 'elapsed_time': 10}
2025-05-10 09:44:33,259 - ftms - INFO - [FTMSManager] No active workout, not passing data to WorkoutManager.
2025-05-10 09:44:34,335 - ftms - INFO - [FTMSManager] Received data from connector: {'device_type': 'bike', 'timestamp': '2025-05-10T09:44:34.330196', 'speed': 14.96, 'average_speed': 0.69, 'cadence': 25.0, 'average_cadence': 18.0, 'distance': 32, 'power': 28, 'average_power': 14, 'total_energy': 0, 'energy_per_hour': 0, 'energy_per_minute': 0, 'heart_rate': 73, 'elapsed_time': 11}
2025-05-10 09:44:34,336 - ftms - INFO - [FTMSManager] No active workout, not passing data to WorkoutManager.
2025-05-10 09:44:35,258 - ftms - INFO - [FTMSManager] Received data from connector: {'device_type': 'bike', 'timestamp': '2025-05-10T09:44:35.258974', 'speed': 14.96, 'average_speed': 0.7, 'cadence': 25.0, 'average_cadence': 19.0, 'distance': 32, 'power': 28, 'average_power': 14, 'total_energy': 0, 'energy_per_hour': 0, 'energy_per_minute': 0, 'heart_rate': 72, 'elapsed_time': 12}
2025-05-10 09:44:35,269 - ftms - INFO - [FTMSManager] No active workout, not passing data to WorkoutManager.
2025-05-10 09:44:36,315 - ftms - INFO - [FTMSManager] Received data from connector: {'device_type': 'bike', 'timestamp': '2025-05-10T09:44:36.309890', 'speed': 16.09, 'average_speed': 0.75, 'cadence': 27.0, 'average_cadence': 20.0, 'distance': 32, 'power': 33, 'average_power': 15, 'total_energy': 0, 'energy_per_hour': 0, 'energy_per_minute': 0, 'heart_rate': 71, 'elapsed_time': 13}
2025-05-10 09:44:36,316 - ftms - INFO - [FTMSManager] No active workout, not passing data to WorkoutManager.
2025-05-10 09:44:37,277 - ftms - INFO - [FTMSManager] Received data from connector: {'device_type': 'bike', 'timestamp': '2025-05-10T09:44:37.269486', 'speed': 16.73, 'average_speed': 0.76, 'cadence': 28.0, 'average_cadence': 20.0, 'distance': 48, 'power': 36, 'average_power': 15, 'total_energy': 0, 'energy_per_hour': 0, 'energy_per_minute': 0, 'heart_rate': 71, 'elapsed_time': 14}
2025-05-10 09:44:37,277 - ftms - INFO - [FTMSManager] No active workout, not passing data to WorkoutManager.
2025-05-10 09:44:38,295 - ftms - INFO - [FTMSManager] Received data from connector: {'device_type': 'bike', 'timestamp': '2025-05-10T09:44:38.290044', 'speed': 17.37, 'average_speed': 0.8, 'cadence': 29.0, 'average_cadence': 21.0, 'distance': 48, 'power': 38, 'average_power': 18, 'total_energy': 0, 'energy_per_hour': 0, 'energy_per_minute': 0, 'heart_rate': 71, 'elapsed_time': 15}
2025-05-10 09:44:38,296 - ftms - INFO - [FTMSManager] No active workout, not passing data to WorkoutManager.
2025-05-10 09:44:39,258 - ftms - INFO - [FTMSManager] Received data from connector: {'device_type': 'bike', 'timestamp': '2025-05-10T09:44:39.249744', 'speed': 17.85, 'average_speed': 0.82, 'cadence': 30.0, 'average_cadence': 22.0, 'distance': 48, 'power': 41, 'average_power': 20, 'total_energy': 0, 'energy_per_hour': 0, 'energy_per_minute': 0, 'heart_rate': 70, 'elapsed_time': 16}
2025-05-10 09:44:39,259 - ftms - INFO - [FTMSManager] No active workout, not passing data to WorkoutManager.
2025-05-10 09:44:40,287 - ftms - INFO - [FTMSManager] Received data from connector: {'device_type': 'bike', 'timestamp': '2025-05-10T09:44:40.270442', 'speed': 18.5, 'average_speed': 0.85, 'cadence': 31.0, 'average_cadence': 22.0, 'distance': 64, 'power': 45, 'average_power': 20, 'total_energy': 0, 'energy_per_hour': 0, 'energy_per_minute': 0, 'heart_rate': 71, 'elapsed_time': 17}
2025-05-10 09:44:40,288 - ftms - INFO - [FTMSManager] No active workout, not passing data to WorkoutManager.
2025-05-10 09:44:41,267 - ftms - INFO - [FTMSManager] Received data from connector: {'device_type': 'bike', 'timestamp': '2025-05-10T09:44:41.259580', 'speed': 18.5, 'average_speed': 0.86, 'cadence': 31.0, 'average_cadence': 23.0, 'distance': 64, 'power': 45, 'average_power': 23, 'total_energy': 0, 'energy_per_hour': 0, 'energy_per_minute': 0, 'heart_rate': 72, 'elapsed_time': 18}
2025-05-10 09:44:41,268 - ftms - INFO - [FTMSManager] No active workout, not passing data to WorkoutManager.
2025-05-10 09:44:42,254 - ftms - INFO - [FTMSManager] Received data from connector: {'device_type': 'bike', 'timestamp': '2025-05-10T09:44:42.249542', 'speed': 17.85, 'average_speed': 0.88, 'cadence': 30.0, 'average_cadence': 23.0, 'distance': 64, 'power': 41, 'average_power': 23, 'total_energy': 0, 'energy_per_hour': 0, 'energy_per_minute': 0, 'heart_rate': 73, 'elapsed_time': 19}
2025-05-10 09:44:42,255 - ftms - INFO - [FTMSManager] No active workout, not passing data to WorkoutManager.
2025-05-10 09:44:43,336 - ftms - INFO - [FTMSManager] Received data from connector: {'device_type': 'bike', 'timestamp': '2025-05-10T09:44:43.329601', 'speed': 16.73, 'average_speed': 0.86, 'cadence': 28.0, 'average_cadence': 23.0, 'distance': 80, 'power': 36, 'average_power': 23, 'total_energy': 0, 'energy_per_hour': 0, 'energy_per_minute': 0, 'heart_rate': 77, 'elapsed_time': 20}
2025-05-10 09:44:43,340 - ftms - INFO - [FTMSManager] No active workout, not passing data to WorkoutManager.
2025-05-10 09:44:44,267 - ftms - INFO - [FTMSManager] Received data from connector: {'device_type': 'bike', 'timestamp': '2025-05-10T09:44:44.259348', 'speed': 16.73, 'average_speed': 0.88, 'cadence': 28.0, 'average_cadence': 23.0, 'distance': 80, 'power': 36, 'average_power': 23, 'total_energy': 0, 'energy_per_hour': 0, 'energy_per_minute': 0, 'heart_rate': 77, 'elapsed_time': 21}
2025-05-10 09:44:44,268 - ftms - INFO - [FTMSManager] No active workout, not passing data to WorkoutManager.
2025-05-10 09:44:45,317 - ftms - INFO - [FTMSManager] Received data from connector: {'device_type': 'bike', 'timestamp': '2025-05-10T09:44:45.309973', 'speed': 17.85, 'average_speed': 0.88, 'cadence': 30.0, 'average_cadence': 23.0, 'distance': 80, 'power': 41, 'average_power': 23, 'total_energy': 0, 'energy_per_hour': 0, 'energy_per_minute': 0, 'heart_rate': 81, 'elapsed_time': 22}
2025-05-10 09:44:45,320 - ftms - INFO - [FTMSManager] No active workout, not passing data to WorkoutManager.
2025-05-10 09:44:46,277 - ftms - INFO - [FTMSManager] Received data from connector: {'device_type': 'bike', 'timestamp': '2025-05-10T09:44:46.268227', 'speed': 17.85, 'average_speed': 0.9, 'cadence': 30.0, 'average_cadence': 24.0, 'distance': 96, 'power': 41, 'average_power': 25, 'total_energy': 0, 'energy_per_hour': 0, 'energy_per_minute': 0, 'heart_rate': 81, 'elapsed_time': 23}
2025-05-10 09:44:46,277 - ftms - INFO - [FTMSManager] No active workout, not passing data to WorkoutManager.
2025-05-10 09:44:47,297 - ftms - INFO - [FTMSManager] Received data from connector: {'device_type': 'bike', 'timestamp': '2025-05-10T09:44:47.290596', 'speed': 17.85, 'average_speed': 0.92, 'cadence': 30.0, 'average_cadence': 24.0, 'distance': 96, 'power': 41, 'average_power': 25, 'total_energy': 0, 'energy_per_hour': 0, 'energy_per_minute': 0, 'heart_rate': 83, 'elapsed_time': 24}
2025-05-10 09:44:47,299 - ftms - INFO - [FTMSManager] No active workout, not passing data to WorkoutManager.
2025-05-10 09:44:48,255 - ftms - INFO - [FTMSManager] Received data from connector: {'device_type': 'bike', 'timestamp': '2025-05-10T09:44:48.249250', 'speed': 18.5, 'average_speed': 0.93, 'cadence': 31.0, 'average_cadence': 24.0, 'distance': 96, 'power': 45, 'average_power': 25, 'total_energy': 0, 'energy_per_hour': 0, 'energy_per_minute': 0, 'heart_rate': 83, 'elapsed_time': 25}
2025-05-10 09:44:48,256 - ftms - INFO - [FTMSManager] No active workout, not passing data to WorkoutManager.
2025-05-10 09:44:49,337 - ftms - INFO - [FTMSManager] Received data from connector: {'device_type': 'bike', 'timestamp': '2025-05-10T09:44:49.329163', 'speed': 18.5, 'average_speed': 0.92, 'cadence': 31.0, 'average_cadence': 24.0, 'distance': 112, 'power': 45, 'average_power': 25, 'total_energy': 0, 'energy_per_hour': 0, 'energy_per_minute': 0, 'heart_rate': 83, 'elapsed_time': 26}
2025-05-10 09:44:49,338 - ftms - INFO - [FTMSManager] No active workout, not passing data to WorkoutManager.
2025-05-10 09:44:50,264 - ftms - INFO - [FTMSManager] Received data from connector: {'device_type': 'bike', 'timestamp': '2025-05-10T09:44:50.258749', 'speed': 18.5, 'average_speed': 0.94, 'cadence': 31.0, 'average_cadence': 25.0, 'distance': 112, 'power': 45, 'average_power': 28, 'total_energy': 0, 'energy_per_hour': 0, 'energy_per_minute': 0, 'heart_rate': 83, 'elapsed_time': 27}
2025-05-10 09:44:50,264 - ftms - INFO - [FTMSManager] No active workout, not passing data to WorkoutManager.
2025-05-10 09:44:51,286 - ftms - INFO - [FTMSManager] Received data from connector: {'device_type': 'bike', 'timestamp': '2025-05-10T09:44:51.280726', 'speed': 19.14, 'average_speed': 0.95, 'cadence': 32.0, 'average_cadence': 25.0, 'distance': 112, 'power': 49, 'average_power': 28, 'total_energy': 0, 'energy_per_hour': 0, 'energy_per_minute': 0, 'heart_rate': 83, 'elapsed_time': 28}
2025-05-10 09:44:51,287 - ftms - INFO - [FTMSManager] No active workout, not passing data to WorkoutManager.
2025-05-10 09:44:52,275 - ftms - INFO - [FTMSManager] Received data from connector: {'device_type': 'bike', 'timestamp': '2025-05-10T09:44:52.269868', 'speed': 18.5, 'average_speed': 0.96, 'cadence': 31.0, 'average_cadence': 25.0, 'distance': 112, 'power': 45, 'average_power': 28, 'total_energy': 0, 'energy_per_hour': 0, 'energy_per_minute': 0, 'heart_rate': 83, 'elapsed_time': 29}
2025-05-10 09:44:52,276 - ftms - INFO - [FTMSManager] No active workout, not passing data to WorkoutManager.
2025-05-10 09:44:53,328 - ftms - INFO - [FTMSManager] Received data from connector: {'device_type': 'bike', 'timestamp': '2025-05-10T09:44:53.320547', 'speed': 17.37, 'average_speed': 0.96, 'cadence': 29.0, 'average_cadence': 26.0, 'distance': 128, 'power': 38, 'average_power': 31, 'total_energy': 0, 'energy_per_hour': 0, 'energy_per_minute': 0, 'heart_rate': 82, 'elapsed_time': 30}
2025-05-10 09:44:53,329 - ftms - INFO - [FTMSManager] No active workout, not passing data to WorkoutManager.
2025-05-10 09:44:54,254 - ftms - INFO - [FTMSManager] Received data from connector: {'device_type': 'bike', 'timestamp': '2025-05-10T09:44:54.250689', 'speed': 16.09, 'average_speed': 0.95, 'cadence': 27.0, 'average_cadence': 25.0, 'distance': 128, 'power': 33, 'average_power': 28, 'total_energy': 0, 'energy_per_hour': 0, 'energy_per_minute': 0, 'heart_rate': 82, 'elapsed_time': 31}
2025-05-10 09:44:54,256 - ftms - INFO - [FTMSManager] No active workout, not passing data to WorkoutManager.
2025-05-10 09:44:55,309 - ftms - INFO - [FTMSManager] Received data from connector: {'device_type': 'bike', 'timestamp': '2025-05-10T09:44:55.300532', 'speed': 16.73, 'average_speed': 0.95, 'cadence': 28.0, 'average_cadence': 25.0, 'distance': 128, 'power': 36, 'average_power': 28, 'total_energy': 0, 'energy_per_hour': 0, 'energy_per_minute': 0, 'heart_rate': 82, 'elapsed_time': 32}
2025-05-10 09:44:55,310 - ftms - INFO - [FTMSManager] No active workout, not passing data to WorkoutManager.
2025-05-10 09:44:56,264 - ftms - INFO - [FTMSManager] Received data from connector: {'device_type': 'bike', 'timestamp': '2025-05-10T09:44:56.259639', 'speed': 17.37, 'average_speed': 0.96, 'cadence': 29.0, 'average_cadence': 25.0, 'distance': 144, 'power': 38, 'average_power': 28, 'total_energy': 0, 'energy_per_hour': 0, 'energy_per_minute': 0, 'heart_rate': 81, 'elapsed_time': 33}
2025-05-10 09:44:56,265 - ftms - INFO - [FTMSManager] No active workout, not passing data to WorkoutManager.
2025-05-10 09:44:57,289 - ftms - INFO - [FTMSManager] Received data from connector: {'device_type': 'bike', 'timestamp': '2025-05-10T09:44:57.280098', 'speed': 17.85, 'average_speed': 0.97, 'cadence': 30.0, 'average_cadence': 26.0, 'distance': 144, 'power': 41, 'average_power': 31, 'total_energy': 0, 'energy_per_hour': 0, 'energy_per_minute': 0, 'heart_rate': 81, 'elapsed_time': 34}
2025-05-10 09:44:57,293 - ftms - INFO - [FTMSManager] No active workout, not passing data to WorkoutManager.
2025-05-10 09:44:58,282 - ftms - INFO - [FTMSManager] Received data from connector: {'device_type': 'bike', 'timestamp': '2025-05-10T09:44:58.270011', 'speed': 19.14, 'average_speed': 0.98, 'cadence': 32.0, 'average_cadence': 26.0, 'distance': 144, 'power': 49, 'average_power': 31, 'total_energy': 0, 'energy_per_hour': 0, 'energy_per_minute': 0, 'heart_rate': 79, 'elapsed_time': 35}
2025-05-10 09:44:58,283 - ftms - INFO - [FTMSManager] No active workout, not passing data to WorkoutManager.
2025-05-10 09:44:59,329 - ftms - INFO - [FTMSManager] Received data from connector: {'device_type': 'bike', 'timestamp': '2025-05-10T09:44:59.320202', 'speed': 19.14, 'average_speed': 0.98, 'cadence': 32.0, 'average_cadence': 26.0, 'distance': 160, 'power': 49, 'average_power': 31, 'total_energy': 1, 'energy_per_hour': 0, 'energy_per_minute': 0, 'heart_rate': 79, 'elapsed_time': 36}
2025-05-10 09:44:59,330 - ftms - INFO - [FTMSManager] No active workout, not passing data to WorkoutManager.
2025-05-10 09:45:00,257 - ftms - INFO - [FTMSManager] Received data from connector: {'device_type': 'bike', 'timestamp': '2025-05-10T09:45:00.251067', 'speed': 19.62, 'average_speed': 0.99, 'cadence': 33.0, 'average_cadence': 26.0, 'distance': 160, 'power': 53, 'average_power': 31, 'total_energy': 1, 'energy_per_hour': 0, 'energy_per_minute': 0, 'heart_rate': 78, 'elapsed_time': 37}
2025-05-10 09:45:00,257 - ftms - INFO - [FTMSManager] No active workout, not passing data to WorkoutManager.
2025-05-10 09:45:01,314 - ftms - INFO - [FTMSManager] Received data from connector: {'device_type': 'bike', 'timestamp': '2025-05-10T09:45:01.300585', 'speed': 19.62, 'average_speed': 1.0, 'cadence': 33.0, 'average_cadence': 26.0, 'distance': 160, 'power': 53, 'average_power': 31, 'total_energy': 1, 'energy_per_hour': 0, 'energy_per_minute': 0, 'heart_rate': 77, 'elapsed_time': 38}
2025-05-10 09:45:01,315 - ftms - INFO - [FTMSManager] No active workout, not passing data to WorkoutManager.
2025-05-10 09:45:02,266 - ftms - INFO - [FTMSManager] Received data from connector: {'device_type': 'bike', 'timestamp': '2025-05-10T09:45:02.260190', 'speed': 18.5, 'average_speed': 1.0, 'cadence': 31.0, 'average_cadence': 26.0, 'distance': 160, 'power': 45, 'average_power': 31, 'total_energy': 1, 'energy_per_hour': 0, 'energy_per_minute': 0, 'heart_rate': 77, 'elapsed_time': 39}
2025-05-10 09:45:02,269 - ftms - INFO - [FTMSManager] No active workout, not passing data to WorkoutManager.
2025-05-10 09:45:03,257 - ftms - INFO - [FTMSManager] Received data from connector: {'device_type': 'bike', 'timestamp': '2025-05-10T09:45:03.250113', 'speed': 15.44, 'average_speed': 0.98, 'cadence': 26.0, 'average_cadence': 26.0, 'distance': 176, 'power': 31, 'average_power': 31, 'total_energy': 1, 'energy_per_hour': 0, 'energy_per_minute': 0, 'heart_rate': 78, 'elapsed_time': 40}
2025-05-10 09:45:03,258 - ftms - INFO - [FTMSManager] No active workout, not passing data to WorkoutManager.
2025-05-10 09:45:04,278 - ftms - INFO - [FTMSManager] Received data from connector: {'device_type': 'bike', 'timestamp': '2025-05-10T09:45:04.270403', 'speed': 14.32, 'average_speed': 0.98, 'cadence': 24.0, 'average_cadence': 26.0, 'distance': 176, 'power': 25, 'average_power': 31, 'total_energy': 1, 'energy_per_hour': 0, 'energy_per_minute': 0, 'heart_rate': 78, 'elapsed_time': 41}
2025-05-10 09:45:04,279 - ftms - INFO - [FTMSManager] No active workout, not passing data to WorkoutManager.
2025-05-10 09:45:05,358 - ftms - INFO - [FTMSManager] Received data from connector: {'device_type': 'bike', 'timestamp': '2025-05-10T09:45:05.351134', 'speed': 13.67, 'average_speed': 0.97, 'cadence': 23.0, 'average_cadence': 26.0, 'distance': 176, 'power': 23, 'average_power': 31, 'total_energy': 1, 'energy_per_hour': 0, 'energy_per_minute': 0, 'heart_rate': 78, 'elapsed_time': 42}
2025-05-10 09:45:05,358 - ftms - INFO - [FTMSManager] No active workout, not passing data to WorkoutManager.
2025-05-10 09:45:06,318 - ftms - INFO - [FTMSManager] Received data from connector: {'device_type': 'bike', 'timestamp': '2025-05-10T09:45:06.310900', 'speed': 14.32, 'average_speed': 0.97, 'cadence': 24.0, 'average_cadence': 26.0, 'distance': 176, 'power': 25, 'average_power': 31, 'total_energy': 1, 'energy_per_hour': 0, 'energy_per_minute': 0, 'heart_rate': 79, 'elapsed_time': 43}
2025-05-10 09:45:06,318 - ftms - INFO - [FTMSManager] No active workout, not passing data to WorkoutManager.
2025-05-10 09:45:07,311 - ftms - INFO - [FTMSManager] Received data from connector: {'device_type': 'bike', 'timestamp': '2025-05-10T09:45:07.301131', 'speed': 16.09, 'average_speed': 0.98, 'cadence': 27.0, 'average_cadence': 26.0, 'distance': 193, 'power': 33, 'average_power': 31, 'total_energy': 1, 'energy_per_hour': 0, 'energy_per_minute': 0, 'heart_rate': 79, 'elapsed_time': 44}
2025-05-10 09:45:07,312 - ftms - INFO - [FTMSManager] No active workout, not passing data to WorkoutManager.
2025-05-10 09:45:08,358 - ftms - INFO - [FTMSManager] Received data from connector: {'device_type': 'bike', 'timestamp': '2025-05-10T09:45:08.350241', 'speed': 17.37, 'average_speed': 0.99, 'cadence': 29.0, 'average_cadence': 26.0, 'distance': 193, 'power': 38, 'average_power': 31, 'total_energy': 1, 'energy_per_hour': 0, 'energy_per_minute': 0, 'heart_rate': 79, 'elapsed_time': 45}
2025-05-10 09:45:08,359 - ftms - INFO - [FTMSManager] No active workout, not passing data to WorkoutManager.
2025-05-10 09:45:09,256 - ftms - INFO - [FTMSManager] Received data from connector: {'device_type': 'bike', 'timestamp': '2025-05-10T09:45:09.251372', 'speed': 19.14, 'average_speed': 1.0, 'cadence': 32.0, 'average_cadence': 26.0, 'distance': 209, 'power': 49, 'average_power': 31, 'total_energy': 1, 'energy_per_hour': 0, 'energy_per_minute': 0, 'heart_rate': 79, 'elapsed_time': 46}
2025-05-10 09:45:09,256 - ftms - INFO - [FTMSManager] No active workout, not passing data to WorkoutManager.
2025-05-10 09:45:10,336 - ftms - INFO - [FTMSManager] Received data from connector: {'device_type': 'bike', 'timestamp': '2025-05-10T09:45:10.330716', 'speed': 19.62, 'average_speed': 1.01, 'cadence': 33.0, 'average_cadence': 27.0, 'distance': 209, 'power': 53, 'average_power': 33, 'total_energy': 1, 'energy_per_hour': 0, 'energy_per_minute': 0, 'heart_rate': 80, 'elapsed_time': 47}
2025-05-10 09:45:10,337 - ftms - INFO - [FTMSManager] No active workout, not passing data to WorkoutManager.
2025-05-10 09:45:11,266 - ftms - INFO - [FTMSManager] Received data from connector: {'device_type': 'bike', 'timestamp': '2025-05-10T09:45:11.258177', 'speed': 20.27, 'average_speed': 1.01, 'cadence': 34.0, 'average_cadence': 27.0, 'distance': 209, 'power': 57, 'average_power': 33, 'total_energy': 1, 'energy_per_hour': 0, 'energy_per_minute': 0, 'heart_rate': 80, 'elapsed_time': 48}
2025-05-10 09:45:11,267 - ftms - INFO - [FTMSManager] No active workout, not passing data to WorkoutManager.
2025-05-10 09:45:12,376 - ftms - INFO - [FTMSManager] Received data from connector: {'device_type': 'bike', 'timestamp': '2025-05-10T09:45:12.371815', 'speed': 20.91, 'average_speed': 1.02, 'cadence': 35.0, 'average_cadence': 27.0, 'distance': 225, 'power': 62, 'average_power': 33, 'total_energy': 1, 'energy_per_hour': 0, 'energy_per_minute': 0, 'heart_rate': 80, 'elapsed_time': 49}
2025-05-10 09:45:12,378 - ftms - INFO - [FTMSManager] No active workout, not passing data to WorkoutManager.
2025-05-10 09:45:13,276 - ftms - INFO - [FTMSManager] Received data from connector: {'device_type': 'bike', 'timestamp': '2025-05-10T09:45:13.270365', 'speed': 20.91, 'average_speed': 1.03, 'cadence': 35.0, 'average_cadence': 27.0, 'distance': 225, 'power': 62, 'average_power': 33, 'total_energy': 1, 'energy_per_hour': 0, 'energy_per_minute': 0, 'heart_rate': 79, 'elapsed_time': 50}
2025-05-10 09:45:13,276 - ftms - INFO - [FTMSManager] No active workout, not passing data to WorkoutManager.
2025-05-10 09:45:14,299 - ftms - INFO - [FTMSManager] Received data from connector: {'device_type': 'bike', 'timestamp': '2025-05-10T09:45:14.291046', 'speed': 20.27, 'average_speed': 1.03, 'cadence': 34.0, 'average_cadence': 27.0, 'distance': 225, 'power': 57, 'average_power': 33, 'total_energy': 1, 'energy_per_hour': 0, 'energy_per_minute': 0, 'heart_rate': 79, 'elapsed_time': 51}
2025-05-10 09:45:14,299 - ftms - INFO - [FTMSManager] No active workout, not passing data to WorkoutManager.
2025-05-10 09:45:15,258 - ftms - INFO - [FTMSManager] Received data from connector: {'device_type': 'bike', 'timestamp': '2025-05-10T09:45:15.251100', 'speed': 20.27, 'average_speed': 1.04, 'cadence': 34.0, 'average_cadence': 27.0, 'distance': 241, 'power': 57, 'average_power': 33, 'total_energy': 1, 'energy_per_hour': 0, 'energy_per_minute': 0, 'heart_rate': 79, 'elapsed_time': 52}
2025-05-10 09:45:15,258 - ftms - INFO - [FTMSManager] No active workout, not passing data to WorkoutManager.
2025-05-10 09:45:16,337 - ftms - INFO - [FTMSManager] Received data from connector: {'device_type': 'bike', 'timestamp': '2025-05-10T09:45:16.330859', 'speed': 19.62, 'average_speed': 1.03, 'cadence': 33.0, 'average_cadence': 27.0, 'distance': 241, 'power': 53, 'average_power': 33, 'total_energy': 1, 'energy_per_hour': 0, 'energy_per_minute': 0, 'heart_rate': 81, 'elapsed_time': 53}
2025-05-10 09:45:16,338 - ftms - INFO - [FTMSManager] No active workout, not passing data to WorkoutManager.
2025-05-10 09:45:17,267 - ftms - INFO - [FTMSManager] Received data from connector: {'device_type': 'bike', 'timestamp': '2025-05-10T09:45:17.261703', 'speed': 19.62, 'average_speed': 1.04, 'cadence': 33.0, 'average_cadence': 28.0, 'distance': 241, 'power': 53, 'average_power': 36, 'total_energy': 1, 'energy_per_hour': 0, 'energy_per_minute': 0, 'heart_rate': 82, 'elapsed_time': 54}
2025-05-10 09:45:17,268 - ftms - INFO - [FTMSManager] No active workout, not passing data to WorkoutManager.
2025-05-10 09:45:18,318 - ftms - INFO - [FTMSManager] Received data from connector: {'device_type': 'bike', 'timestamp': '2025-05-10T09:45:18.310801', 'speed': 19.14, 'average_speed': 1.04, 'cadence': 32.0, 'average_cadence': 28.0, 'distance': 257, 'power': 49, 'average_power': 36, 'total_energy': 1, 'energy_per_hour': 0, 'energy_per_minute': 0, 'heart_rate': 83, 'elapsed_time': 55}
2025-05-10 09:45:18,319 - ftms - INFO - [FTMSManager] No active workout, not passing data to WorkoutManager.
2025-05-10 09:45:19,308 - ftms - INFO - [FTMSManager] Received data from connector: {'device_type': 'bike', 'timestamp': '2025-05-10T09:45:19.300162', 'speed': 19.14, 'average_speed': 1.04, 'cadence': 32.0, 'average_cadence': 28.0, 'distance': 257, 'power': 49, 'average_power': 36, 'total_energy': 1, 'energy_per_hour': 0, 'energy_per_minute': 0, 'heart_rate': 82, 'elapsed_time': 56}
2025-05-10 09:45:19,309 - ftms - INFO - [FTMSManager] No active workout, not passing data to WorkoutManager.
2025-05-10 09:45:20,328 - ftms - INFO - [FTMSManager] Received data from connector: {'device_type': 'bike', 'timestamp': '2025-05-10T09:45:20.321108', 'speed': 17.85, 'average_speed': 1.04, 'cadence': 30.0, 'average_cadence': 28.0, 'distance': 257, 'power': 41, 'average_power': 36, 'total_energy': 1, 'energy_per_hour': 0, 'energy_per_minute': 0, 'heart_rate': 82, 'elapsed_time': 57}
2025-05-10 09:45:20,329 - ftms - INFO - [FTMSManager] No active workout, not passing data to WorkoutManager.
2025-05-10 09:45:21,264 - ftms - INFO - [FTMSManager] Received data from connector: {'device_type': 'bike', 'timestamp': '2025-05-10T09:45:21.250679', 'speed': 14.96, 'average_speed': 1.03, 'cadence': 25.0, 'average_cadence': 27.0, 'distance': 257, 'power': 28, 'average_power': 33, 'total_energy': 1, 'energy_per_hour': 0, 'energy_per_minute': 0, 'heart_rate': 82, 'elapsed_time': 58}
2025-05-10 09:45:21,265 - ftms - INFO - [FTMSManager] No active workout, not passing data to WorkoutManager.
2025-05-10 09:45:22,348 - ftms - INFO - [FTMSManager] Received data from connector: {'device_type': 'bike', 'timestamp': '2025-05-10T09:45:22.330554', 'speed': 14.96, 'average_speed': 1.02, 'cadence': 25.0, 'average_cadence': 27.0, 'distance': 257, 'power': 28, 'average_power': 33, 'total_energy': 1, 'energy_per_hour': 0, 'energy_per_minute': 0, 'heart_rate': 82, 'elapsed_time': 59}
2025-05-10 09:45:22,352 - ftms - INFO - [FTMSManager] No active workout, not passing data to WorkoutManager.
2025-05-10 09:45:23,293 - ftms - INFO - [FTMSManager] Received data from connector: {'device_type': 'bike', 'timestamp': '2025-05-10T09:45:23.283856', 'speed': 13.03, 'average_speed': 1.01, 'cadence': 22.0, 'average_cadence': 27.0, 'distance': 257, 'power': 20, 'average_power': 33, 'total_energy': 1, 'energy_per_hour': 0, 'energy_per_minute': 0, 'heart_rate': 82, 'elapsed_time': 60}
2025-05-10 09:45:23,294 - ftms - INFO - [FTMSManager] Passing data to WorkoutManager (Active Workout ID: None)
2025-05-10 09:45:24,260 - ftms - INFO - [FTMSManager] Received data from connector: {'device_type': 'bike', 'timestamp': '2025-05-10T09:45:24.250983', 'speed': 13.03, 'average_speed': 0.99, 'cadence': 22.0, 'average_cadence': 26.0, 'distance': 257, 'power': 20, 'average_power': 31, 'total_energy': 1, 'energy_per_hour': 0, 'energy_per_minute': 0, 'heart_rate': 82, 'elapsed_time': 61}
2025-05-10 09:45:24,260 - ftms - INFO - [FTMSManager] Passing data to WorkoutManager (Active Workout ID: None)
2025-05-10 09:45:25,313 - ftms - INFO - [FTMSManager] Received data from connector: {'device_type': 'bike', 'timestamp': '2025-05-10T09:45:25.300379', 'speed': 11.26, 'average_speed': 0.98, 'cadence': 19.0, 'average_cadence': 26.0, 'distance': 257, 'power': 14, 'average_power': 31, 'total_energy': 1, 'energy_per_hour': 0, 'energy_per_minute': 0, 'heart_rate': 83, 'elapsed_time': 62}
2025-05-10 09:45:25,314 - ftms - INFO - [FTMSManager] Passing data to WorkoutManager (Active Workout ID: None)
2025-05-10 09:45:26,277 - ftms - INFO - [FTMSManager] Received data from connector: {'device_type': 'bike', 'timestamp': '2025-05-10T09:45:26.261815', 'speed': 9.49, 'average_speed': 0.96, 'cadence': 16.0, 'average_cadence': 25.0, 'distance': 257, 'power': 12, 'average_power': 28, 'total_energy': 1, 'energy_per_hour': 0, 'energy_per_minute': 0, 'heart_rate': 84, 'elapsed_time': 63}
2025-05-10 09:45:26,281 - ftms - INFO - [FTMSManager] Passing data to WorkoutManager (Active Workout ID: None)
2025-05-10 09:45:27,257 - ftms - INFO - [FTMSManager] Received data from connector: {'device_type': 'bike', 'timestamp': '2025-05-10T09:45:27.250670', 'speed': 0.0, 'average_speed': 0.95, 'cadence': 0.0, 'average_cadence': 25.0, 'distance': 257, 'power': 0, 'average_power': 28, 'total_energy': 1, 'energy_per_hour': 0, 'energy_per_minute': 0, 'heart_rate': 84, 'elapsed_time': 64}
2025-05-10 09:45:27,258 - ftms - INFO - [FTMSManager] Passing data to WorkoutManager (Active Workout ID: None)
2025-05-10 09:47:10,696 - ftms - INFO - Using FTMSConnector for real device with device type: bike.
2025-05-10 09:47:11,950 - ftms - INFO - Using FTMSConnector for real device with device type: bike.
2025-05-10 09:52:14,266 - ftms - INFO - Using FTMSConnector for real device with device type: bike.
2025-05-10 10:19:33,767 - ftms - INFO - Using FTMSConnector for real device with device type: bike.
2025-05-10 10:19:35,108 - ftms - INFO - Using FTMSConnector for real device with device type: bike.
2025-05-10 10:20:30,153 - ftms - INFO - Connected to device: ECHO_BIKE_077937
2025-05-10 10:20:33,098 - ftms - INFO - [FTMSManager] Received data from connector: {'device_type': 'bike', 'timestamp': '2025-05-10T10:20:33.091420', 'speed': 0.0, 'average_speed': 0.0, 'cadence': 0.0, 'average_cadence': 0.0, 'distance': 0, 'power': 0, 'average_power': 0, 'total_energy': 0, 'energy_per_hour': 0, 'energy_per_minute': 0, 'heart_rate': 71, 'elapsed_time': 0}
2025-05-10 10:20:33,099 - ftms - INFO - [FTMSManager] Passing data to WorkoutManager (Active Workout ID: None)
2025-05-10 10:20:33,987 - ftms - INFO - [FTMSManager] Received data from connector: {'device_type': 'bike', 'timestamp': '2025-05-10T10:20:33.980884', 'speed': 0.0, 'average_speed': 0.0, 'cadence': 0.0, 'average_cadence': 0.0, 'distance': 0, 'power': 0, 'average_power': 0, 'total_energy': 0, 'energy_per_hour': 0, 'energy_per_minute': 0, 'heart_rate': 71, 'elapsed_time': 1}
2025-05-10 10:20:33,988 - ftms - INFO - [FTMSManager] No active workout, not passing data to WorkoutManager.
2025-05-10 10:20:35,009 - ftms - INFO - [FTMSManager] Received data from connector: {'device_type': 'bike', 'timestamp': '2025-05-10T10:20:35.001270', 'speed': 0.0, 'average_speed': 0.0, 'cadence': 0.0, 'average_cadence': 0.0, 'distance': 0, 'power': 0, 'average_power': 0, 'total_energy': 0, 'energy_per_hour': 0, 'energy_per_minute': 0, 'heart_rate': 71, 'elapsed_time': 2}
2025-05-10 10:20:35,010 - ftms - INFO - [FTMSManager] No active workout, not passing data to WorkoutManager.
2025-05-10 10:20:35,998 - ftms - INFO - [FTMSManager] Received data from connector: {'device_type': 'bike', 'timestamp': '2025-05-10T10:20:35.991972', 'speed': 0.0, 'average_speed': 0.0, 'cadence': 0.0, 'average_cadence': 0.0, 'distance': 0, 'power': 0, 'average_power': 0, 'total_energy': 0, 'energy_per_hour': 0, 'energy_per_minute': 0, 'heart_rate': 70, 'elapsed_time': 3}
2025-05-10 10:20:35,999 - ftms - INFO - [FTMSManager] No active workout, not passing data to WorkoutManager.
2025-05-10 10:20:37,051 - ftms - INFO - [FTMSManager] Received data from connector: {'device_type': 'bike', 'timestamp': '2025-05-10T10:20:37.044334', 'speed': 1.76, 'average_speed': 0.0, 'cadence': 3.0, 'average_cadence': 0.0, 'distance': 0, 'power': 2, 'average_power': 0, 'total_energy': 0, 'energy_per_hour': 0, 'energy_per_minute': 0, 'heart_rate': 70, 'elapsed_time': 4}
2025-05-10 10:20:37,051 - ftms - INFO - [FTMSManager] No active workout, not passing data to WorkoutManager.
2025-05-10 10:20:38,010 - ftms - INFO - [FTMSManager] Received data from connector: {'device_type': 'bike', 'timestamp': '2025-05-10T10:20:38.003266', 'speed': 4.18, 'average_speed': 0.17, 'cadence': 7.0, 'average_cadence': 4.0, 'distance': 0, 'power': 5, 'average_power': 3, 'total_energy': 0, 'energy_per_hour': 0, 'energy_per_minute': 0, 'heart_rate': 71, 'elapsed_time': 5}
2025-05-10 10:20:38,012 - ftms - INFO - [FTMSManager] No active workout, not passing data to WorkoutManager.
2025-05-10 10:20:39,061 - ftms - INFO - [FTMSManager] Received data from connector: {'device_type': 'bike', 'timestamp': '2025-05-10T10:20:39.052964', 'speed': 8.84, 'average_speed': 0.29, 'cadence': 15.0, 'average_cadence': 8.0, 'distance': 0, 'power': 11, 'average_power': 6, 'total_energy': 0, 'energy_per_hour': 0, 'energy_per_minute': 0, 'heart_rate': 71, 'elapsed_time': 6}
2025-05-10 10:20:39,061 - ftms - INFO - [FTMSManager] No active workout, not passing data to WorkoutManager.
2025-05-10 10:20:39,990 - ftms - INFO - [FTMSManager] Received data from connector: {'device_type': 'bike', 'timestamp': '2025-05-10T10:20:39.981810', 'speed': 12.55, 'average_speed': 0.44, 'cadence': 21.0, 'average_cadence': 12.0, 'distance': 16, 'power': 18, 'average_power': 9, 'total_energy': 0, 'energy_per_hour': 0, 'energy_per_minute': 0, 'heart_rate': 71, 'elapsed_time': 7}
2025-05-10 10:20:39,991 - ftms - INFO - [FTMSManager] No active workout, not passing data to WorkoutManager.
2025-05-10 10:20:41,010 - ftms - INFO - [FTMSManager] Received data from connector: {'device_type': 'bike', 'timestamp': '2025-05-10T10:20:41.001113', 'speed': 14.32, 'average_speed': 0.58, 'cadence': 24.0, 'average_cadence': 15.0, 'distance': 16, 'power': 25, 'average_power': 11, 'total_energy': 0, 'energy_per_hour': 0, 'energy_per_minute': 0, 'heart_rate': 71, 'elapsed_time': 8}
2025-05-10 10:20:41,012 - ftms - INFO - [FTMSManager] No active workout, not passing data to WorkoutManager.
2025-05-10 10:20:41,998 - ftms - INFO - [FTMSManager] Received data from connector: {'device_type': 'bike', 'timestamp': '2025-05-10T10:20:41.992688', 'speed': 17.37, 'average_speed': 0.69, 'cadence': 29.0, 'average_cadence': 18.0, 'distance': 32, 'power': 38, 'average_power': 14, 'total_energy': 0, 'energy_per_hour': 0, 'energy_per_minute': 0, 'heart_rate': 71, 'elapsed_time': 9}
2025-05-10 10:20:41,998 - ftms - INFO - [FTMSManager] No active workout, not passing data to WorkoutManager.
2025-05-10 10:20:42,990 - ftms - INFO - [FTMSManager] Received data from connector: {'device_type': 'bike', 'timestamp': '2025-05-10T10:20:42.981858', 'speed': 17.85, 'average_speed': 0.76, 'cadence': 30.0, 'average_cadence': 20.0, 'distance': 32, 'power': 41, 'average_power': 15, 'total_energy': 0, 'energy_per_hour': 0, 'energy_per_minute': 0, 'heart_rate': 71, 'elapsed_time': 10}
2025-05-10 10:20:42,992 - ftms - INFO - [FTMSManager] No active workout, not passing data to WorkoutManager.
2025-05-10 10:20:44,015 - ftms - INFO - [FTMSManager] Received data from connector: {'device_type': 'bike', 'timestamp': '2025-05-10T10:20:44.002108', 'speed': 19.14, 'average_speed': 0.79, 'cadence': 32.0, 'average_cadence': 21.0, 'distance': 32, 'power': 49, 'average_power': 18, 'total_energy': 0, 'energy_per_hour': 0, 'energy_per_minute': 0, 'heart_rate': 70, 'elapsed_time': 11}
2025-05-10 10:20:44,019 - ftms - INFO - [FTMSManager] No active workout, not passing data to WorkoutManager.
2025-05-10 10:20:44,997 - ftms - INFO - [FTMSManager] Received data from connector: {'device_type': 'bike', 'timestamp': '2025-05-10T10:20:44.992452', 'speed': 19.62, 'average_speed': 0.85, 'cadence': 33.0, 'average_cadence': 23.0, 'distance': 48, 'power': 53, 'average_power': 23, 'total_energy': 0, 'energy_per_hour': 0, 'energy_per_minute': 0, 'heart_rate': 71, 'elapsed_time': 12}
2025-05-10 10:20:44,997 - ftms - INFO - [FTMSManager] No active workout, not passing data to WorkoutManager.
2025-05-10 10:20:45,991 - ftms - INFO - [FTMSManager] Received data from connector: {'device_type': 'bike', 'timestamp': '2025-05-10T10:20:45.982887', 'speed': 20.91, 'average_speed': 0.89, 'cadence': 35.0, 'average_cadence': 24.0, 'distance': 48, 'power': 62, 'average_power': 25, 'total_energy': 0, 'energy_per_hour': 0, 'energy_per_minute': 0, 'heart_rate': 71, 'elapsed_time': 13}
2025-05-10 10:20:45,992 - ftms - INFO - [FTMSManager] No active workout, not passing data to WorkoutManager.
2025-05-10 10:20:47,037 - ftms - INFO - [FTMSManager] Received data from connector: {'device_type': 'bike', 'timestamp': '2025-05-10T10:20:47.031516', 'speed': 20.91, 'average_speed': 0.94, 'cadence': 35.0, 'average_cadence': 25.0, 'distance': 48, 'power': 62, 'average_power': 28, 'total_energy': 0, 'energy_per_hour': 0, 'energy_per_minute': 0, 'heart_rate': 71, 'elapsed_time': 14}
2025-05-10 10:20:47,038 - ftms - INFO - [FTMSManager] No active workout, not passing data to WorkoutManager.
2025-05-10 10:20:47,998 - ftms - INFO - [FTMSManager] Received data from connector: {'device_type': 'bike', 'timestamp': '2025-05-10T10:20:47.991921', 'speed': 21.56, 'average_speed': 0.96, 'cadence': 36.0, 'average_cadence': 26.0, 'distance': 64, 'power': 66, 'average_power': 31, 'total_energy': 0, 'energy_per_hour': 0, 'energy_per_minute': 0, 'heart_rate': 71, 'elapsed_time': 15}
2025-05-10 10:20:47,999 - ftms - INFO - [FTMSManager] No active workout, not passing data to WorkoutManager.
2025-05-10 10:20:48,993 - ftms - INFO - [FTMSManager] Received data from connector: {'device_type': 'bike', 'timestamp': '2025-05-10T10:20:48.981729', 'speed': 21.56, 'average_speed': 0.97, 'cadence': 36.0, 'average_cadence': 26.0, 'distance': 64, 'power': 66, 'average_power': 31, 'total_energy': 0, 'energy_per_hour': 0, 'energy_per_minute': 0, 'heart_rate': 74, 'elapsed_time': 16}
2025-05-10 10:20:48,994 - ftms - INFO - [FTMSManager] No active workout, not passing data to WorkoutManager.
2025-05-10 10:20:50,070 - ftms - INFO - [FTMSManager] Received data from connector: {'device_type': 'bike', 'timestamp': '2025-05-10T10:20:50.062909', 'speed': 21.56, 'average_speed': 1.01, 'cadence': 36.0, 'average_cadence': 27.0, 'distance': 80, 'power': 66, 'average_power': 33, 'total_energy': 0, 'energy_per_hour': 0, 'energy_per_minute': 0, 'heart_rate': 75, 'elapsed_time': 17}
2025-05-10 10:20:50,071 - ftms - INFO - [FTMSManager] No active workout, not passing data to WorkoutManager.
2025-05-10 10:20:51,036 - ftms - INFO - [FTMSManager] Received data from connector: {'device_type': 'bike', 'timestamp': '2025-05-10T10:20:51.022554', 'speed': 21.56, 'average_speed': 1.03, 'cadence': 36.0, 'average_cadence': 27.0, 'distance': 80, 'power': 66, 'average_power': 33, 'total_energy': 0, 'energy_per_hour': 0, 'energy_per_minute': 0, 'heart_rate': 75, 'elapsed_time': 18}
2025-05-10 10:20:51,037 - ftms - INFO - [FTMSManager] No active workout, not passing data to WorkoutManager.
2025-05-10 10:20:52,018 - ftms - INFO - [FTMSManager] Received data from connector: {'device_type': 'bike', 'timestamp': '2025-05-10T10:20:52.012024', 'speed': 21.56, 'average_speed': 1.05, 'cadence': 36.0, 'average_cadence': 28.0, 'distance': 80, 'power': 66, 'average_power': 36, 'total_energy': 0, 'energy_per_hour': 0, 'energy_per_minute': 0, 'heart_rate': 77, 'elapsed_time': 19}
2025-05-10 10:20:52,019 - ftms - INFO - [FTMSManager] No active workout, not passing data to WorkoutManager.
2025-05-10 10:20:53,008 - ftms - INFO - [FTMSManager] Received data from connector: {'device_type': 'bike', 'timestamp': '2025-05-10T10:20:53.002028', 'speed': 22.04, 'average_speed': 1.07, 'cadence': 37.0, 'average_cadence': 28.0, 'distance': 96, 'power': 70, 'average_power': 36, 'total_energy': 0, 'energy_per_hour': 0, 'energy_per_minute': 0, 'heart_rate': 78, 'elapsed_time': 20}
2025-05-10 10:20:53,009 - ftms - INFO - [FTMSManager] No active workout, not passing data to WorkoutManager.
2025-05-10 10:20:54,092 - ftms - INFO - [FTMSManager] Received data from connector: {'device_type': 'bike', 'timestamp': '2025-05-10T10:20:54.082234', 'speed': 21.56, 'average_speed': 1.07, 'cadence': 36.0, 'average_cadence': 28.0, 'distance': 96, 'power': 66, 'average_power': 36, 'total_energy': 0, 'energy_per_hour': 0, 'energy_per_minute': 0, 'heart_rate': 78, 'elapsed_time': 21}
2025-05-10 10:20:54,093 - ftms - INFO - [FTMSManager] No active workout, not passing data to WorkoutManager.
2025-05-10 10:20:55,023 - ftms - INFO - [FTMSManager] Received data from connector: {'device_type': 'bike', 'timestamp': '2025-05-10T10:20:55.013429', 'speed': 21.56, 'average_speed': 1.08, 'cadence': 36.0, 'average_cadence': 29.0, 'distance': 96, 'power': 66, 'average_power': 38, 'total_energy': 0, 'energy_per_hour': 0, 'energy_per_minute': 0, 'heart_rate': 80, 'elapsed_time': 22}
2025-05-10 10:20:55,027 - ftms - INFO - [FTMSManager] No active workout, not passing data to WorkoutManager.
2025-05-10 10:20:55,980 - ftms - INFO - [FTMSManager] Received data from connector: {'device_type': 'bike', 'timestamp': '2025-05-10T10:20:55.972475', 'speed': 21.56, 'average_speed': 1.09, 'cadence': 36.0, 'average_cadence': 29.0, 'distance': 112, 'power': 66, 'average_power': 38, 'total_energy': 0, 'energy_per_hour': 0, 'energy_per_minute': 0, 'heart_rate': 80, 'elapsed_time': 23}
2025-05-10 10:20:55,980 - ftms - INFO - [FTMSManager] No active workout, not passing data to WorkoutManager.
2025-05-10 10:20:56,997 - ftms - INFO - [FTMSManager] Received data from connector: {'device_type': 'bike', 'timestamp': '2025-05-10T10:20:56.992197', 'speed': 21.56, 'average_speed': 1.11, 'cadence': 36.0, 'average_cadence': 30.0, 'distance': 112, 'power': 66, 'average_power': 41, 'total_energy': 0, 'energy_per_hour': 0, 'energy_per_minute': 0, 'heart_rate': 81, 'elapsed_time': 24}
2025-05-10 10:20:56,999 - ftms - INFO - [FTMSManager] No active workout, not passing data to WorkoutManager.
2025-05-10 10:20:58,019 - ftms - INFO - [FTMSManager] Received data from connector: {'device_type': 'bike', 'timestamp': '2025-05-10T10:20:58.012899', 'speed': 22.04, 'average_speed': 1.13, 'cadence': 37.0, 'average_cadence': 30.0, 'distance': 128, 'power': 70, 'average_power': 41, 'total_energy': 0, 'energy_per_hour': 0, 'energy_per_minute': 0, 'heart_rate': 82, 'elapsed_time': 25}
2025-05-10 10:20:58,020 - ftms - INFO - [FTMSManager] No active workout, not passing data to WorkoutManager.
2025-05-10 10:20:59,010 - ftms - INFO - [FTMSManager] Received data from connector: {'device_type': 'bike', 'timestamp': '2025-05-10T10:20:59.002724', 'speed': 22.68, 'average_speed': 1.13, 'cadence': 38.0, 'average_cadence': 30.0, 'distance': 128, 'power': 74, 'average_power': 41, 'total_energy': 0, 'energy_per_hour': 0, 'energy_per_minute': 0, 'heart_rate': 82, 'elapsed_time': 26}
2025-05-10 10:20:59,011 - ftms - INFO - [FTMSManager] No active workout, not passing data to WorkoutManager.
2025-05-10 10:21:00,000 - ftms - INFO - [FTMSManager] Received data from connector: {'device_type': 'bike', 'timestamp': '2025-05-10T10:20:59.992184', 'speed': 22.68, 'average_speed': 1.15, 'cadence': 38.0, 'average_cadence': 30.0, 'distance': 128, 'power': 74, 'average_power': 41, 'total_energy': 0, 'energy_per_hour': 0, 'energy_per_minute': 0, 'heart_rate': 82, 'elapsed_time': 27}
2025-05-10 10:21:00,001 - ftms - INFO - [FTMSManager] No active workout, not passing data to WorkoutManager.
2025-05-10 10:21:01,019 - ftms - INFO - [FTMSManager] Received data from connector: {'device_type': 'bike', 'timestamp': '2025-05-10T10:21:01.012586', 'speed': 22.68, 'average_speed': 1.16, 'cadence': 38.0, 'average_cadence': 31.0, 'distance': 144, 'power': 74, 'average_power': 45, 'total_energy': 1, 'energy_per_hour': 0, 'energy_per_minute': 0, 'heart_rate': 83, 'elapsed_time': 28}
2025-05-10 10:21:01,021 - ftms - INFO - [FTMSManager] No active workout, not passing data to WorkoutManager.
2025-05-10 10:21:02,011 - ftms - INFO - [FTMSManager] Received data from connector: {'device_type': 'bike', 'timestamp': '2025-05-10T10:21:02.002006', 'speed': 22.68, 'average_speed': 1.17, 'cadence': 38.0, 'average_cadence': 31.0, 'distance': 144, 'power': 74, 'average_power': 45, 'total_energy': 1, 'energy_per_hour': 0, 'energy_per_minute': 0, 'heart_rate': 83, 'elapsed_time': 29}
2025-05-10 10:21:02,014 - ftms - INFO - [FTMSManager] No active workout, not passing data to WorkoutManager.
2025-05-10 10:21:03,053 - ftms - INFO - [FTMSManager] Received data from connector: {'device_type': 'bike', 'timestamp': '2025-05-10T10:21:03.048770', 'speed': 22.68, 'average_speed': 1.17, 'cadence': 38.0, 'average_cadence': 31.0, 'distance': 160, 'power': 74, 'average_power': 45, 'total_energy': 1, 'energy_per_hour': 0, 'energy_per_minute': 0, 'heart_rate': 84, 'elapsed_time': 30}
2025-05-10 10:21:03,055 - ftms - INFO - [FTMSManager] No active workout, not passing data to WorkoutManager.
2025-05-10 10:21:03,991 - ftms - INFO - [FTMSManager] Received data from connector: {'device_type': 'bike', 'timestamp': '2025-05-10T10:21:03.983273', 'speed': 22.68, 'average_speed': 1.18, 'cadence': 38.0, 'average_cadence': 31.0, 'distance': 160, 'power': 74, 'average_power': 45, 'total_energy': 1, 'energy_per_hour': 0, 'energy_per_minute': 0, 'heart_rate': 84, 'elapsed_time': 31}
2025-05-10 10:21:03,992 - ftms - INFO - [FTMSManager] No active workout, not passing data to WorkoutManager.
2025-05-10 10:21:04,981 - ftms - INFO - [FTMSManager] Received data from connector: {'device_type': 'bike', 'timestamp': '2025-05-10T10:21:04.973632', 'speed': 22.68, 'average_speed': 1.18, 'cadence': 38.0, 'average_cadence': 31.0, 'distance': 160, 'power': 74, 'average_power': 45, 'total_energy': 1, 'energy_per_hour': 0, 'energy_per_minute': 0, 'heart_rate': 86, 'elapsed_time': 32}
2025-05-10 10:21:04,982 - ftms - INFO - [FTMSManager] No active workout, not passing data to WorkoutManager.
2025-05-10 10:21:05,999 - ftms - INFO - [FTMSManager] Received data from connector: {'device_type': 'bike', 'timestamp': '2025-05-10T10:21:05.992851', 'speed': 22.04, 'average_speed': 1.19, 'cadence': 37.0, 'average_cadence': 32.0, 'distance': 176, 'power': 70, 'average_power': 49, 'total_energy': 1, 'energy_per_hour': 0, 'energy_per_minute': 0, 'heart_rate': 86, 'elapsed_time': 33}
2025-05-10 10:21:06,000 - ftms - INFO - [FTMSManager] No active workout, not passing data to WorkoutManager.
2025-05-10 10:21:07,083 - ftms - INFO - [FTMSManager] Received data from connector: {'device_type': 'bike', 'timestamp': '2025-05-10T10:21:07.073262', 'speed': 20.27, 'average_speed': 1.19, 'cadence': 34.0, 'average_cadence': 32.0, 'distance': 176, 'power': 57, 'average_power': 49, 'total_energy': 1, 'energy_per_hour': 0, 'energy_per_minute': 0, 'heart_rate': 86, 'elapsed_time': 34}
2025-05-10 10:21:07,084 - ftms - INFO - [FTMSManager] No active workout, not passing data to WorkoutManager.
2025-05-10 10:21:07,982 - ftms - INFO - [FTMSManager] Received data from connector: {'device_type': 'bike', 'timestamp': '2025-05-10T10:21:07.972843', 'speed': 18.5, 'average_speed': 1.18, 'cadence': 31.0, 'average_cadence': 31.0, 'distance': 176, 'power': 45, 'average_power': 45, 'total_energy': 1, 'energy_per_hour': 0, 'energy_per_minute': 0, 'heart_rate': 87, 'elapsed_time': 35}
2025-05-10 10:21:07,986 - ftms - INFO - [FTMSManager] Passing data to WorkoutManager (Active Workout ID: None)
2025-05-10 10:21:09,062 - ftms - INFO - [FTMSManager] Received data from connector: {'device_type': 'bike', 'timestamp': '2025-05-10T10:21:09.053316', 'speed': 16.09, 'average_speed': 1.16, 'cadence': 27.0, 'average_cadence': 31.0, 'distance': 176, 'power': 33, 'average_power': 45, 'total_energy': 1, 'energy_per_hour': 0, 'energy_per_minute': 0, 'heart_rate': 89, 'elapsed_time': 36}
2025-05-10 10:21:09,062 - ftms - INFO - [FTMSManager] Passing data to WorkoutManager (Active Workout ID: None)
2025-05-10 10:21:09,993 - ftms - INFO - [FTMSManager] Received data from connector: {'device_type': 'bike', 'timestamp': '2025-05-10T10:21:09.980718', 'speed': 16.09, 'average_speed': 1.14, 'cadence': 27.0, 'average_cadence': 30.0, 'distance': 176, 'power': 33, 'average_power': 41, 'total_energy': 1, 'energy_per_hour': 0, 'energy_per_minute': 0, 'heart_rate': 90, 'elapsed_time': 37}
2025-05-10 10:21:09,996 - ftms - INFO - [FTMSManager] Passing data to WorkoutManager (Active Workout ID: None)
2025-05-10 10:21:10,982 - ftms - INFO - [FTMSManager] Received data from connector: {'device_type': 'bike', 'timestamp': '2025-05-10T10:21:10.973488', 'speed': 13.67, 'average_speed': 1.11, 'cadence': 23.0, 'average_cadence': 29.0, 'distance': 176, 'power': 23, 'average_power': 38, 'total_energy': 1, 'energy_per_hour': 0, 'energy_per_minute': 0, 'heart_rate': 92, 'elapsed_time': 38}
2025-05-10 10:21:10,984 - ftms - INFO - [FTMSManager] Passing data to WorkoutManager (Active Workout ID: None)
2025-05-10 10:21:12,002 - ftms - INFO - [FTMSManager] Received data from connector: {'device_type': 'bike', 'timestamp': '2025-05-10T10:21:11.993978', 'speed': 11.9, 'average_speed': 1.08, 'cadence': 20.0, 'average_cadence': 29.0, 'distance': 176, 'power': 15, 'average_power': 38, 'total_energy': 1, 'energy_per_hour': 0, 'energy_per_minute': 0, 'heart_rate': 92, 'elapsed_time': 39}
2025-05-10 10:21:12,002 - ftms - INFO - [FTMSManager] Passing data to WorkoutManager (Active Workout ID: None)
2025-05-10 10:21:13,020 - ftms - INFO - [FTMSManager] Received data from connector: {'device_type': 'bike', 'timestamp': '2025-05-10T10:21:13.012731', 'speed': 0.0, 'average_speed': 1.05, 'cadence': 0.0, 'average_cadence': 28.0, 'distance': 176, 'power': 0, 'average_power': 36, 'total_energy': 1, 'energy_per_hour': 0, 'energy_per_minute': 0, 'heart_rate': 93, 'elapsed_time': 40}
2025-05-10 10:21:13,021 - ftms - INFO - [FTMSManager] Passing data to WorkoutManager (Active Workout ID: None)
2025-05-10 10:21:13,980 - ftms - INFO - [FTMSManager] Received data from connector: {'device_type': 'bike', 'timestamp': '2025-05-10T10:21:13.972757', 'speed': 0.0, 'average_speed': 1.03, 'cadence': 0.0, 'average_cadence': 27.0, 'distance': 176, 'power': 0, 'average_power': 33, 'total_energy': 1, 'energy_per_hour': 0, 'energy_per_minute': 0, 'heart_rate': 93, 'elapsed_time': 41}
2025-05-10 10:21:13,982 - ftms - INFO - [FTMSManager] Passing data to WorkoutManager (Active Workout ID: None)
2025-05-10 10:21:15,002 - ftms - INFO - [FTMSManager] Received data from connector: {'device_type': 'bike', 'timestamp': '2025-05-10T10:21:14.995842', 'speed': 0.0, 'average_speed': 1.0, 'cadence': 0.0, 'average_cadence': 27.0, 'distance': 176, 'power': 0, 'average_power': 33, 'total_energy': 1, 'energy_per_hour': 0, 'energy_per_minute': 0, 'heart_rate': 93, 'elapsed_time': 42}
2025-05-10 10:21:15,006 - ftms - INFO - [FTMSManager] Passing data to WorkoutManager (Active Workout ID: None)
2025-05-10 10:21:15,991 - ftms - INFO - [FTMSManager] Received data from connector: {'device_type': 'bike', 'timestamp': '2025-05-10T10:21:15.982365', 'speed': 0.0, 'average_speed': 0.98, 'cadence': 0.0, 'average_cadence': 26.0, 'distance': 176, 'power': 0, 'average_power': 31, 'total_energy': 1, 'energy_per_hour': 0, 'energy_per_minute': 0, 'heart_rate': 96, 'elapsed_time': 43}
2025-05-10 10:21:15,993 - ftms - INFO - [FTMSManager] Passing data to WorkoutManager (Active Workout ID: None)
2025-05-10 10:21:17,012 - ftms - INFO - [FTMSManager] Received data from connector: {'device_type': 'bike', 'timestamp': '2025-05-10T10:21:17.003418', 'speed': 0.0, 'average_speed': 0.96, 'cadence': 0.0, 'average_cadence': 25.0, 'distance': 176, 'power': 0, 'average_power': 28, 'total_energy': 1, 'energy_per_hour': 0, 'energy_per_minute': 0, 'heart_rate': 96, 'elapsed_time': 44}
2025-05-10 10:21:17,013 - ftms - INFO - [FTMSManager] Passing data to WorkoutManager (Active Workout ID: None)
2025-05-10 10:21:18,051 - ftms - INFO - [FTMSManager] Received data from connector: {'device_type': 'bike', 'timestamp': '2025-05-10T10:21:17.994101', 'speed': 0.0, 'average_speed': 0.93, 'cadence': 0.0, 'average_cadence': 25.0, 'distance': 176, 'power': 0, 'average_power': 28, 'total_energy': 1, 'energy_per_hour': 0, 'energy_per_minute': 0, 'heart_rate': 97, 'elapsed_time': 45}
2025-05-10 10:21:18,052 - ftms - INFO - [FTMSManager] Passing data to WorkoutManager (Active Workout ID: None)
2025-05-10 10:21:19,021 - ftms - INFO - [FTMSManager] Received data from connector: {'device_type': 'bike', 'timestamp': '2025-05-10T10:21:19.012823', 'speed': 0.0, 'average_speed': 0.91, 'cadence': 0.0, 'average_cadence': 24.0, 'distance': 176, 'power': 0, 'average_power': 25, 'total_energy': 1, 'energy_per_hour': 0, 'energy_per_minute': 0, 'heart_rate': 97, 'elapsed_time': 46}
2025-05-10 10:21:19,022 - ftms - INFO - [FTMSManager] Passing data to WorkoutManager (Active Workout ID: None)
2025-05-10 10:21:19,982 - ftms - INFO - [FTMSManager] Received data from connector: {'device_type': 'bike', 'timestamp': '2025-05-10T10:21:19.970392', 'speed': 0.0, 'average_speed': 0.89, 'cadence': 0.0, 'average_cadence': 24.0, 'distance': 176, 'power': 0, 'average_power': 25, 'total_energy': 1, 'energy_per_hour': 0, 'energy_per_minute': 0, 'heart_rate': 100, 'elapsed_time': 47}
2025-05-10 10:21:19,986 - ftms - INFO - [FTMSManager] Passing data to WorkoutManager (Active Workout ID: None)
2025-05-10 10:21:21,036 - ftms - INFO - [FTMSManager] Received data from connector: {'device_type': 'bike', 'timestamp': '2025-05-10T10:21:21.021600', 'speed': 0.0, 'average_speed': 0.88, 'cadence': 0.0, 'average_cadence': 23.0, 'distance': 176, 'power': 0, 'average_power': 23, 'total_energy': 1, 'energy_per_hour': 0, 'energy_per_minute': 0, 'heart_rate': 100, 'elapsed_time': 48}
2025-05-10 10:21:21,036 - ftms - INFO - [FTMSManager] Passing data to WorkoutManager (Active Workout ID: None)
2025-05-10 10:21:21,991 - ftms - INFO - [FTMSManager] Received data from connector: {'device_type': 'bike', 'timestamp': '2025-05-10T10:21:21.983231', 'speed': 0.0, 'average_speed': 0.86, 'cadence': 0.0, 'average_cadence': 23.0, 'distance': 176, 'power': 0, 'average_power': 23, 'total_energy': 1, 'energy_per_hour': 0, 'energy_per_minute': 0, 'heart_rate': 100, 'elapsed_time': 49}
2025-05-10 10:21:21,992 - ftms - INFO - [FTMSManager] Passing data to WorkoutManager (Active Workout ID: None)
2025-05-10 10:21:23,009 - ftms - INFO - [FTMSManager] Received data from connector: {'device_type': 'bike', 'timestamp': '2025-05-10T10:21:23.002916', 'speed': 0.0, 'average_speed': 0.84, 'cadence': 0.0, 'average_cadence': 22.0, 'distance': 176, 'power': 0, 'average_power': 20, 'total_energy': 1, 'energy_per_hour': 0, 'energy_per_minute': 0, 'heart_rate': 100, 'elapsed_time': 50}
2025-05-10 10:21:23,010 - ftms - INFO - [FTMSManager] Passing data to WorkoutManager (Active Workout ID: None)
2025-05-10 10:29:45,620 - ftms - INFO - Using FTMSDeviceSimulator for testing.
2025-05-10 10:29:45,678 - ftms - INFO - [FTMSManager] Received data from connector: {'device_type': 'bike', 'timestamp': '2025-05-10T10:29:45.678520', 'speed': 23.41285564341682, 'power': 179, 'cadence': 74, 'heart_rate': 125, 'distance': 0.0, 'total_energy': 0.0, 'resistance_level': 7, 'test_index': 0}
2025-05-10 10:29:45,678 - ftms - INFO - [FTMSManager] No active workout, not passing data to WorkoutManager.
2025-05-10 10:29:45,880 - ftms - INFO - [FTMSManager] Received data from connector: {'device_type': 'bike', 'timestamp': '2025-05-10T10:29:45.880160', 'speed': 23.54005808090093, 'power': 136, 'cadence': 83, 'heart_rate': 149, 'distance': 50.0, 'total_energy': 5.0, 'resistance_level': 6, 'test_index': 1}
2025-05-10 10:29:45,881 - ftms - INFO - [FTMSManager] No active workout, not passing data to WorkoutManager.
2025-05-10 10:29:46,082 - ftms - INFO - [FTMSManager] Received data from connector: {'device_type': 'bike', 'timestamp': '2025-05-10T10:29:46.082647', 'speed': 20.612207350232296, 'power': 234, 'cadence': 93, 'heart_rate': 153, 'distance': 100.0, 'total_energy': 10.0, 'resistance_level': 9, 'test_index': 2}
2025-05-10 10:29:46,083 - ftms - INFO - [FTMSManager] No active workout, not passing data to WorkoutManager.
2025-05-10 10:29:46,285 - ftms - INFO - [FTMSManager] Received data from connector: {'device_type': 'bike', 'timestamp': '2025-05-10T10:29:46.285093', 'speed': 18.302072039451197, 'power': 100, 'cadence': 98, 'heart_rate': 139, 'distance': 150.0, 'total_energy': 15.0, 'resistance_level': 4, 'test_index': 3}
2025-05-10 10:29:46,286 - ftms - INFO - [FTMSManager] No active workout, not passing data to WorkoutManager.
2025-05-10 10:29:46,488 - ftms - INFO - [FTMSManager] Received data from connector: {'device_type': 'bike', 'timestamp': '2025-05-10T10:29:46.488185', 'speed': 16.514168811889274, 'power': 148, 'cadence': 76, 'heart_rate': 132, 'distance': 200.0, 'total_energy': 20.0, 'resistance_level': 5, 'test_index': 4}
2025-05-10 10:29:46,489 - ftms - INFO - [FTMSManager] No active workout, not passing data to WorkoutManager.
2025-05-10 11:02:56,805 - ftms - INFO - Using FTMSDeviceSimulator for testing.
2025-05-10 11:02:56,813 - ftms - INFO - [FTMSManager] Received data from connector: {'device_type': 'bike', 'timestamp': '2025-05-10T11:02:56.813560', 'speed': 16.03665645269097, 'power': 166, 'cadence': 83, 'heart_rate': 159, 'distance': 0.0, 'total_energy': 0.0, 'resistance_level': 3, 'test_index': 0}
2025-05-10 11:02:56,814 - ftms - INFO - [FTMSManager] Debug - workout_manager exists: True
2025-05-10 11:02:56,814 - ftms - INFO - [FTMSManager] Debug - active_workout_id: 32
2025-05-10 11:02:56,814 - ftms - INFO - [FTMSManager] Debug - connected_device exists: True
2025-05-10 11:02:56,814 - ftms - INFO - [FTMSManager] Passing data to WorkoutManager (Active Workout ID: 32)
2025-05-10 11:02:57,024 - ftms - INFO - [FTMSManager] Received data from connector: {'device_type': 'bike', 'timestamp': '2025-05-10T11:02:57.024375', 'speed': 17.50576407762493, 'power': 193, 'cadence': 99, 'heart_rate': 135, 'distance': 50.0, 'total_energy': 5.0, 'resistance_level': 10, 'test_index': 1}
2025-05-10 11:02:57,025 - ftms - INFO - [FTMSManager] Debug - workout_manager exists: True
2025-05-10 11:02:57,026 - ftms - INFO - [FTMSManager] Debug - active_workout_id: 32
2025-05-10 11:02:57,026 - ftms - INFO - [FTMSManager] Debug - connected_device exists: True
2025-05-10 11:02:57,028 - ftms - INFO - [FTMSManager] Passing data to WorkoutManager (Active Workout ID: 32)
2025-05-10 11:02:57,239 - ftms - INFO - [FTMSManager] Received data from connector: {'device_type': 'bike', 'timestamp': '2025-05-10T11:02:57.239148', 'speed': 22.759740506715502, 'power': 167, 'cadence': 86, 'heart_rate': 134, 'distance': 100.0, 'total_energy': 10.0, 'resistance_level': 5, 'test_index': 2}
2025-05-10 11:02:57,239 - ftms - INFO - [FTMSManager] Debug - workout_manager exists: True
2025-05-10 11:02:57,240 - ftms - INFO - [FTMSManager] Debug - active_workout_id: 32
2025-05-10 11:02:57,240 - ftms - INFO - [FTMSManager] Debug - connected_device exists: True
2025-05-10 11:02:57,241 - ftms - INFO - [FTMSManager] Passing data to WorkoutManager (Active Workout ID: 32)
2025-05-10 11:02:57,451 - ftms - INFO - [FTMSManager] Received data from connector: {'device_type': 'bike', 'timestamp': '2025-05-10T11:02:57.451609', 'speed': 15.684793215863573, 'power': 164, 'cadence': 72, 'heart_rate': 127, 'distance': 150.0, 'total_energy': 15.0, 'resistance_level': 3, 'test_index': 3}
2025-05-10 11:02:57,452 - ftms - INFO - [FTMSManager] Debug - workout_manager exists: True
2025-05-10 11:02:57,452 - ftms - INFO - [FTMSManager] Debug - active_workout_id: 32
2025-05-10 11:02:57,453 - ftms - INFO - [FTMSManager] Debug - connected_device exists: True
2025-05-10 11:02:57,454 - ftms - INFO - [FTMSManager] Passing data to WorkoutManager (Active Workout ID: 32)
2025-05-10 11:02:57,662 - ftms - INFO - [FTMSManager] Received data from connector: {'device_type': 'bike', 'timestamp': '2025-05-10T11:02:57.662495', 'speed': 19.426674358891027, 'power': 141, 'cadence': 96, 'heart_rate': 158, 'distance': 200.0, 'total_energy': 20.0, 'resistance_level': 3, 'test_index': 4}
2025-05-10 11:02:57,663 - ftms - INFO - [FTMSManager] Debug - workout_manager exists: True
2025-05-10 11:02:57,663 - ftms - INFO - [FTMSManager] Debug - active_workout_id: 32
2025-05-10 11:02:57,664 - ftms - INFO - [FTMSManager] Debug - connected_device exists: True
2025-05-10 11:02:57,684 - ftms - INFO - [FTMSManager] Passing data to WorkoutManager (Active Workout ID: 32)
2025-05-10 11:07:45,113 - ftms - INFO - Using FTMSDeviceSimulator for testing.
2025-05-10 11:07:45,172 - ftms - INFO - [FTMSManager] Received data from connector: {'device_type': 'bike', 'timestamp': '2025-05-10T11:07:45.171094', 'instantaneous_speed': 17.80546963195197, 'power': 151, 'cadence': 88, 'heart_rate': 121, 'distance': 0.0, 'total_energy': 0.0, 'resistance_level': 10, 'test_index': 0}
2025-05-10 11:07:45,172 - ftms - INFO - [FTMSManager] Debug - workout_manager exists: True
2025-05-10 11:07:45,173 - ftms - INFO - [FTMSManager] Debug - active_workout_id: 33
2025-05-10 11:07:45,173 - ftms - INFO - [FTMSManager] Debug - connected_device exists: True
2025-05-10 11:07:45,174 - ftms - INFO - [FTMSManager] Passing data to WorkoutManager (Active Workout ID: 33)
2025-05-10 11:07:45,383 - ftms - INFO - [FTMSManager] Received data from connector: {'device_type': 'bike', 'timestamp': '2025-05-10T11:07:45.383274', 'instantaneous_speed': 19.36439045297039, 'power': 125, 'cadence': 70, 'heart_rate': 138, 'distance': 50.0, 'total_energy': 5.0, 'resistance_level': 2, 'test_index': 1}
2025-05-10 11:07:45,384 - ftms - INFO - [FTMSManager] Debug - workout_manager exists: True
2025-05-10 11:07:45,384 - ftms - INFO - [FTMSManager] Debug - active_workout_id: 33
2025-05-10 11:07:45,385 - ftms - INFO - [FTMSManager] Debug - connected_device exists: True
2025-05-10 11:07:45,385 - ftms - INFO - [FTMSManager] Passing data to WorkoutManager (Active Workout ID: 33)
2025-05-10 11:07:45,644 - ftms - INFO - [FTMSManager] Received data from connector: {'device_type': 'bike', 'timestamp': '2025-05-10T11:07:45.644683', 'instantaneous_speed': 16.038670302856016, 'power': 233, 'cadence': 84, 'heart_rate': 145, 'distance': 100.0, 'total_energy': 10.0, 'resistance_level': 5, 'test_index': 2}
2025-05-10 11:07:45,645 - ftms - INFO - [FTMSManager] Debug - workout_manager exists: True
2025-05-10 11:07:45,646 - ftms - INFO - [FTMSManager] Debug - active_workout_id: 33
2025-05-10 11:07:45,647 - ftms - INFO - [FTMSManager] Debug - connected_device exists: True
2025-05-10 11:07:45,647 - ftms - INFO - [FTMSManager] Passing data to WorkoutManager (Active Workout ID: 33)
2025-05-10 11:07:45,906 - ftms - INFO - [FTMSManager] Received data from connector: {'device_type': 'bike', 'timestamp': '2025-05-10T11:07:45.906370', 'instantaneous_speed': 24.109459919009836, 'power': 230, 'cadence': 99, 'heart_rate': 156, 'distance': 150.0, 'total_energy': 15.0, 'resistance_level': 3, 'test_index': 3}
2025-05-10 11:07:45,906 - ftms - INFO - [FTMSManager] Debug - workout_manager exists: True
2025-05-10 11:07:45,908 - ftms - INFO - [FTMSManager] Debug - active_workout_id: 33
2025-05-10 11:07:45,908 - ftms - INFO - [FTMSManager] Debug - connected_device exists: True
2025-05-10 11:07:45,909 - ftms - INFO - [FTMSManager] Passing data to WorkoutManager (Active Workout ID: 33)
2025-05-10 11:07:46,124 - ftms - INFO - [FTMSManager] Received data from connector: {'device_type': 'bike', 'timestamp': '2025-05-10T11:07:46.124895', 'instantaneous_speed': 22.627664217282476, 'power': 117, 'cadence': 93, 'heart_rate': 146, 'distance': 200.0, 'total_energy': 20.0, 'resistance_level': 7, 'test_index': 4}
2025-05-10 11:07:46,124 - ftms - INFO - [FTMSManager] Debug - workout_manager exists: True
2025-05-10 11:07:46,125 - ftms - INFO - [FTMSManager] Debug - active_workout_id: 33
2025-05-10 11:07:46,125 - ftms - INFO - [FTMSManager] Debug - connected_device exists: True
2025-05-10 11:07:46,127 - ftms - INFO - [FTMSManager] Passing data to WorkoutManager (Active Workout ID: 33)
2025-05-10 11:09:01,477 - ftms - INFO - Using FTMSConnector for real device with device type: bike.
2025-05-10 11:09:02,358 - ftms - INFO - Using FTMSConnector for real device with device type: bike.
