2025-04-27 12:58:28,242 - database - INFO - Database tables created
2025-04-27 13:00:15,523 - database - INFO - Database tables created
2025-04-27 13:04:01,737 - database - INFO - Database tables created
2025-04-27 13:04:01,948 - database - INFO - Database tables created
2025-04-27 13:06:34,624 - database - INFO - Database tables created
2025-04-27 13:06:34,831 - database - INFO - Database tables created
2025-04-27 13:11:39,613 - database - INFO - Database tables created
2025-04-27 13:11:39,837 - database - INFO - Database tables created
2025-04-27 13:13:02,325 - database - INFO - Database tables created
2025-04-27 13:13:02,531 - database - INFO - Database tables created
2025-04-27 16:09:52,545 - database - INFO - Database tables created
2025-04-27 16:09:52,764 - database - INFO - Database tables created
2025-04-27 16:10:14,519 - database - INFO - Database tables created
2025-04-27 16:10:14,728 - database - INFO - Database tables created
2025-04-27 16:16:59,778 - database - INFO - Database tables created
2025-04-27 16:16:59,982 - database - INFO - Database tables created
2025-04-27 16:48:57,077 - database - INFO - Database tables created
2025-04-27 16:48:57,913 - database - INFO - Database tables created
2025-04-27 16:55:47,579 - database - INFO - Database tables created
2025-04-27 16:55:48,487 - database - INFO - Database tables created
2025-04-27 17:00:38,122 - database - INFO - Database tables created
2025-04-27 17:00:38,863 - database - INFO - Database tables created
2025-04-27 17:05:25,806 - database - INFO - Database tables created
2025-04-27 17:05:26,689 - database - INFO - Database tables created
2025-04-27 17:08:41,534 - database - INFO - Database tables created
2025-04-27 17:08:42,355 - database - INFO - Database tables created
2025-04-27 17:09:31,944 - database - INFO - Database tables created
2025-04-27 17:09:38,965 - database - INFO - Database tables created
2025-04-27 17:09:45,967 - database - INFO - Database tables created
2025-04-27 17:12:33,752 - database - INFO - Database tables created
2025-04-27 17:12:34,524 - database - INFO - Database tables created
2025-04-27 17:15:15,692 - database - INFO - Database tables created
2025-04-27 17:15:16,602 - database - INFO - Database tables created
2025-04-27 17:16:36,360 - database - INFO - Database tables created
2025-04-27 17:16:37,292 - database - INFO - Database tables created
2025-04-27 17:18:02,709 - database - INFO - Database tables created
2025-04-27 17:18:03,728 - database - INFO - Database tables created
2025-04-27 17:19:49,243 - database - INFO - Database tables created
2025-04-27 17:19:50,139 - database - INFO - Database tables created
2025-04-27 17:33:15,620 - database - INFO - Database tables created
2025-04-27 17:33:16,495 - database - INFO - Database tables created
2025-04-27 17:37:39,530 - database - INFO - Database tables created
2025-04-27 17:37:40,353 - database - INFO - Database tables created
2025-04-27 17:41:17,525 - database - INFO - Database tables created
2025-04-27 17:41:18,332 - database - INFO - Database tables created
2025-04-27 17:46:49,664 - database - INFO - Database tables created
2025-04-27 17:46:50,380 - database - INFO - Database tables created
2025-04-27 17:51:50,188 - database - INFO - Database tables created
2025-04-27 17:51:51,151 - database - INFO - Database tables created
2025-04-27 17:52:57,994 - database - INFO - Started workout 62 with device C9:02:CB:68:17:C1
2025-04-27 18:01:11,428 - database - INFO - Database tables created
2025-04-27 18:01:12,341 - database - INFO - Database tables created
2025-04-27 18:02:12,531 - database - INFO - Started workout 63 with device C9:02:CB:68:17:C1
2025-04-27 18:02:38,529 - database - INFO - Ended workout 63, duration: 25s
2025-04-27 18:02:51,590 - database - INFO - Ended workout 63, duration: 39s
2025-04-27 18:06:08,340 - database - INFO - Database tables created
2025-04-27 18:06:32,600 - database - INFO - Database tables created
2025-04-27 18:07:49,161 - database - INFO - Started workout 64 with device C9:02:CB:68:17:C1
2025-04-27 18:08:03,824 - database - INFO - Ended workout 64, duration: 14s
2025-04-27 18:15:36,328 - database - INFO - Database tables created
2025-04-27 18:16:15,515 - database - INFO - Database tables created
2025-04-27 18:16:39,486 - database - INFO - Database tables created
2025-04-27 18:17:24,022 - database - INFO - Database tables created
2025-04-27 18:17:24,766 - database - INFO - Database tables created
2025-04-27 18:22:26,157 - database - INFO - Database tables created
2025-04-27 18:22:26,910 - database - INFO - Database tables created
2025-04-27 18:22:56,418 - database - INFO - Started workout 65 with device C9:02:CB:68:17:C1
2025-04-27 18:23:12,110 - database - INFO - Ended workout 65, duration: 15s
2025-04-27 18:26:26,627 - database - INFO - Database tables created
2025-04-27 18:27:28,121 - database - INFO - Database tables created
2025-04-27 18:28:04,340 - database - INFO - Started workout 66 with device C9:02:CB:68:17:C1
2025-04-27 18:28:27,187 - database - INFO - Ended workout 66, duration: 22s
2025-04-27 18:31:50,085 - database - INFO - Database tables created
2025-04-27 18:31:50,635 - database - INFO - Database tables created
2025-04-27 18:32:22,740 - database - INFO - Started workout 67 with device C9:02:CB:68:17:C1
2025-04-27 18:32:37,336 - database - INFO - Ended workout 67, duration: 14s
2025-04-27 18:35:10,318 - database - INFO - Database tables created
2025-04-27 18:35:11,283 - database - INFO - Database tables created
2025-04-27 18:35:38,964 - database - INFO - Started workout 68 with device C9:02:CB:68:17:C1
2025-04-27 18:36:10,778 - database - INFO - Ended workout 68, duration: 31s
2025-04-27 18:50:26,404 - database - INFO - Database tables created
2025-04-27 18:50:27,288 - database - INFO - Database tables created
2025-04-27 18:53:33,321 - database - INFO - Database tables created
2025-04-27 18:53:34,162 - database - INFO - Database tables created
2025-04-27 18:56:01,332 - database - INFO - Database tables created
2025-04-27 18:56:02,324 - database - INFO - Database tables created
2025-04-27 19:16:24,427 - database - INFO - Database tables created
2025-04-27 19:16:25,140 - database - INFO - Database tables created
2025-04-27 19:19:51,612 - database - INFO - Database tables created
2025-04-27 19:19:52,293 - database - INFO - Database tables created
2025-04-27 19:21:38,445 - database - INFO - Database tables created
2025-04-27 19:21:39,141 - database - INFO - Database tables created
2025-04-27 19:21:59,091 - database - INFO - Started workout 69 with device C9:02:CB:68:17:C1
2025-04-27 19:22:17,248 - database - INFO - Ended workout 69, duration: 18s
2025-04-27 19:26:35,072 - database - INFO - Database tables created
2025-04-27 19:26:35,779 - database - INFO - Database tables created
2025-04-27 19:27:49,101 - database - INFO - Database tables created
2025-04-27 19:27:49,945 - database - INFO - Database tables created
2025-04-27 19:28:53,170 - database - INFO - Database tables created
2025-04-27 19:28:53,960 - database - INFO - Database tables created
2025-04-27 19:30:37,932 - database - INFO - Database tables created
2025-04-27 19:30:38,831 - database - INFO - Database tables created
2025-04-27 19:31:13,840 - database - INFO - Started workout 70 with device C9:02:CB:68:17:C1
2025-04-27 19:31:27,489 - database - INFO - Ended workout 70, duration: 13s
2025-04-27 19:33:03,020 - database - INFO - Database tables created
2025-04-27 19:33:03,724 - database - INFO - Database tables created
2025-04-27 19:33:32,924 - database - INFO - Started workout 71 with device C9:02:CB:68:17:C1
2025-04-27 19:34:03,798 - database - INFO - Ended workout 71, duration: 30s
2025-04-27 19:39:39,830 - database - INFO - Database tables created
2025-04-27 19:39:40,736 - database - INFO - Database tables created
2025-04-27 19:40:37,857 - database - INFO - Started workout 72 with device C9:02:CB:68:17:C1
2025-04-27 19:40:55,272 - database - INFO - Ended workout 72, duration: 17s
2025-04-27 19:43:29,010 - database - INFO - Database tables created
2025-04-27 19:43:29,904 - database - INFO - Database tables created
2025-04-27 19:44:03,619 - database - INFO - Started workout 73 with device C9:02:CB:68:17:C1
2025-04-27 19:44:22,342 - database - INFO - Ended workout 73, duration: 18s
2025-04-27 19:58:00,018 - database - INFO - Database tables created
2025-04-27 19:58:00,473 - database - INFO - Database tables created
2025-04-27 19:59:15,183 - database - INFO - Started workout 74 with device C9:02:CB:68:17:C1
2025-04-27 20:02:33,449 - database - INFO - Ended workout 74, duration: 198s
2025-04-27 20:10:19,338 - database - INFO - Database tables created
2025-04-27 20:10:20,020 - database - INFO - Database tables created
2025-04-27 20:11:20,076 - database - INFO - Started workout 75 with device C9:02:CB:68:17:C1
2025-04-27 20:13:14,831 - database - INFO - Ended workout 75, duration: 114s
2025-04-27 20:18:21,254 - database - INFO - Database tables created
2025-04-27 20:18:22,173 - database - INFO - Database tables created
2025-04-27 20:18:53,764 - database - INFO - Started workout 76 with device C9:02:CB:68:17:C1
2025-04-27 20:20:32,043 - database - INFO - Ended workout 76, duration: 98s
2025-04-29 07:27:21,301 - database - INFO - Database tables created
2025-04-29 07:27:21,522 - database - INFO - Database tables created
2025-04-29 18:51:58,953 - database - INFO - Database tables created
2025-04-29 18:51:59,564 - database - INFO - Database tables created
2025-04-29 18:53:29,674 - database - INFO - Started workout 77 with device C9:02:CB:68:17:C1
2025-04-29 18:54:06,539 - database - INFO - Ended workout 77, duration: 36s
2025-04-29 18:57:52,430 - database - INFO - Database tables created
2025-04-29 18:57:53,374 - database - INFO - Database tables created
2025-04-29 18:59:52,028 - database - INFO - Database tables created
2025-04-29 19:00:02,034 - database - INFO - Database tables created
2025-04-29 19:27:22,093 - database - INFO - Database tables created
2025-04-29 19:28:15,137 - database - INFO - Database tables created
2025-04-29 19:28:15,147 - database - INFO - Started workout 78 with device 1
2025-04-29 19:28:15,150 - database - INFO - Attempting to add data point for workout 78 at timestamp 0.822357
2025-04-29 19:28:15,161 - database - INFO - Successfully added data point for workout 78 at timestamp 0.822357
2025-04-29 19:28:15,267 - database - INFO - Attempting to add data point for workout 78 at timestamp 1.138598
2025-04-29 19:28:15,282 - database - INFO - Successfully added data point for workout 78 at timestamp 1.138598
2025-04-29 19:28:15,385 - database - INFO - Attempting to add data point for workout 78 at timestamp 2.511642
2025-04-29 19:28:15,396 - database - INFO - Successfully added data point for workout 78 at timestamp 2.511642
2025-04-29 19:28:15,499 - database - INFO - Attempting to add data point for workout 78 at timestamp 3.974704
2025-04-29 19:28:15,512 - database - INFO - Successfully added data point for workout 78 at timestamp 3.974704
2025-04-29 19:28:15,617 - database - INFO - Attempting to add data point for workout 78 at timestamp 4.229622
2025-04-29 19:28:15,636 - database - INFO - Successfully added data point for workout 78 at timestamp 4.229622
2025-04-29 19:28:15,738 - database - INFO - Attempting to add data point for workout 78 at timestamp 5.693081
2025-04-29 19:28:15,756 - database - INFO - Successfully added data point for workout 78 at timestamp 5.693081
2025-04-29 19:28:15,861 - database - INFO - Attempting to add data point for workout 78 at timestamp 6.237769
2025-04-29 19:28:15,879 - database - INFO - Successfully added data point for workout 78 at timestamp 6.237769
2025-04-29 19:28:15,983 - database - INFO - Attempting to add data point for workout 78 at timestamp 7.932687
2025-04-29 19:28:15,994 - database - INFO - Successfully added data point for workout 78 at timestamp 7.932687
2025-04-29 19:28:16,096 - database - INFO - Attempting to add data point for workout 78 at timestamp 8.043160
2025-04-29 19:28:16,113 - database - INFO - Successfully added data point for workout 78 at timestamp 8.043160
2025-04-29 19:28:16,216 - database - INFO - Attempting to add data point for workout 78 at timestamp 9.298353
2025-04-29 19:28:16,231 - database - INFO - Successfully added data point for workout 78 at timestamp 9.298353
2025-04-29 19:28:16,345 - database - INFO - Ended workout 78, duration: 1s
2025-04-29 19:30:28,630 - database - INFO - Database tables created
2025-04-29 19:30:29,509 - database - INFO - Database tables created
2025-04-29 19:31:22,380 - database - INFO - Started workout 79 with device C9:02:CB:68:17:C1
2025-04-29 19:31:23,173 - database - INFO - Attempting to add data point for workout 79 at timestamp 0.792134
2025-04-29 19:31:23,233 - database - INFO - Successfully added data point for workout 79 at timestamp 0.792134
2025-04-29 19:31:24,074 - database - INFO - Attempting to add data point for workout 79 at timestamp 1.693148
2025-04-29 19:31:24,132 - database - INFO - Successfully added data point for workout 79 at timestamp 1.693148
2025-04-29 19:31:25,064 - database - INFO - Attempting to add data point for workout 79 at timestamp 2.682231
2025-04-29 19:31:25,122 - database - INFO - Successfully added data point for workout 79 at timestamp 2.682231
2025-04-29 19:31:26,083 - database - INFO - Attempting to add data point for workout 79 at timestamp 3.701981
2025-04-29 19:31:26,136 - database - INFO - Successfully added data point for workout 79 at timestamp 3.701981
2025-04-29 19:31:27,073 - database - INFO - Attempting to add data point for workout 79 at timestamp 4.692049
2025-04-29 19:31:27,135 - database - INFO - Successfully added data point for workout 79 at timestamp 4.692049
2025-04-29 19:31:28,093 - database - INFO - Attempting to add data point for workout 79 at timestamp 5.712694
2025-04-29 19:31:28,153 - database - INFO - Successfully added data point for workout 79 at timestamp 5.712694
2025-04-29 19:31:29,053 - database - INFO - Attempting to add data point for workout 79 at timestamp 6.672658
2025-04-29 19:31:29,066 - database - INFO - Successfully added data point for workout 79 at timestamp 6.672658
2025-04-29 19:31:30,072 - database - INFO - Attempting to add data point for workout 79 at timestamp 7.691647
2025-04-29 19:31:30,082 - database - INFO - Successfully added data point for workout 79 at timestamp 7.691647
2025-04-29 19:31:31,066 - database - INFO - Attempting to add data point for workout 79 at timestamp 8.682320
2025-04-29 19:31:31,121 - database - INFO - Successfully added data point for workout 79 at timestamp 8.682320
2025-04-29 19:31:32,083 - database - INFO - Attempting to add data point for workout 79 at timestamp 9.702102
2025-04-29 19:31:32,142 - database - INFO - Successfully added data point for workout 79 at timestamp 9.702102
2025-04-29 19:31:33,074 - database - INFO - Attempting to add data point for workout 79 at timestamp 10.693118
2025-04-29 19:31:33,135 - database - INFO - Successfully added data point for workout 79 at timestamp 10.693118
2025-04-29 19:31:34,063 - database - INFO - Attempting to add data point for workout 79 at timestamp 11.682245
2025-04-29 19:31:34,072 - database - INFO - Successfully added data point for workout 79 at timestamp 11.682245
2025-04-29 19:31:35,049 - database - INFO - Attempting to add data point for workout 79 at timestamp 12.668565
2025-04-29 19:31:35,063 - database - INFO - Successfully added data point for workout 79 at timestamp 12.668565
2025-04-29 19:31:36,163 - database - INFO - Attempting to add data point for workout 79 at timestamp 13.782878
2025-04-29 19:31:36,174 - database - INFO - Successfully added data point for workout 79 at timestamp 13.782878
2025-04-29 19:31:37,062 - database - INFO - Attempting to add data point for workout 79 at timestamp 14.681872
2025-04-29 19:31:37,087 - database - INFO - Successfully added data point for workout 79 at timestamp 14.681872
2025-04-29 19:31:38,053 - database - INFO - Attempting to add data point for workout 79 at timestamp 15.672470
2025-04-29 19:31:38,110 - database - INFO - Successfully added data point for workout 79 at timestamp 15.672470
2025-04-29 19:31:39,074 - database - INFO - Attempting to add data point for workout 79 at timestamp 16.692999
2025-04-29 19:31:39,094 - database - INFO - Successfully added data point for workout 79 at timestamp 16.692999
2025-04-29 19:31:40,063 - database - INFO - Attempting to add data point for workout 79 at timestamp 17.682469
2025-04-29 19:31:40,119 - database - INFO - Successfully added data point for workout 79 at timestamp 17.682469
2025-04-29 19:31:41,083 - database - INFO - Attempting to add data point for workout 79 at timestamp 18.702824
2025-04-29 19:31:41,141 - database - INFO - Successfully added data point for workout 79 at timestamp 18.702824
2025-04-29 19:31:42,073 - database - INFO - Attempting to add data point for workout 79 at timestamp 19.692759
2025-04-29 19:31:42,132 - database - INFO - Successfully added data point for workout 79 at timestamp 19.692759
2025-04-29 19:31:43,123 - database - INFO - Attempting to add data point for workout 79 at timestamp 20.742773
2025-04-29 19:31:43,183 - database - INFO - Successfully added data point for workout 79 at timestamp 20.742773
2025-04-29 19:31:44,053 - database - INFO - Attempting to add data point for workout 79 at timestamp 21.671963
2025-04-29 19:31:44,106 - database - INFO - Successfully added data point for workout 79 at timestamp 21.671963
2025-04-29 19:31:45,073 - database - INFO - Attempting to add data point for workout 79 at timestamp 22.692848
2025-04-29 19:31:45,082 - database - INFO - Successfully added data point for workout 79 at timestamp 22.692848
2025-04-29 19:31:46,095 - database - INFO - Attempting to add data point for workout 79 at timestamp 23.714747
2025-04-29 19:31:46,158 - database - INFO - Successfully added data point for workout 79 at timestamp 23.714747
2025-04-29 19:31:47,053 - database - INFO - Attempting to add data point for workout 79 at timestamp 24.671999
2025-04-29 19:31:47,109 - database - INFO - Successfully added data point for workout 79 at timestamp 24.671999
2025-04-29 19:31:47,148 - database - INFO - Ended workout 79, duration: 24s
